Copyright 1986-2017 Xilinx, Inc. All Rights Reserved.
-----------------------------------------------------------------------------------------------------------------------------------------------
| Tool Version : Vivado v.2017.1 (win64) Build 1846317 Fri Apr 14 18:55:03 MDT 2017
| Date         : Wed Feb 28 12:05:06 2018
| Host         : cfaed-pdpc004 running 64-bit major release  (build 9200)
| Command      : report_timing_summary -warn_on_violation -max_paths 10 -file top_timing_summary_routed.rpt -rpx top_timing_summary_routed.rpx
| Design       : top
| Device       : 7vx485t-ffg1761
| Speed File   : -2  PRODUCTION 1.12 2014-09-11
-----------------------------------------------------------------------------------------------------------------------------------------------

Timing Summary Report

------------------------------------------------------------------------------------------------
| Timer Settings
| --------------
------------------------------------------------------------------------------------------------

  Enable Multi Corner Analysis               :  Yes
  Enable Pessimism Removal                   :  Yes
  Pessimism Removal Resolution               :  Nearest Common Node
  Enable Input Delay Default Clock           :  No
  Enable Preset / Clear Arcs                 :  No
  Disable Flight Delays                      :  No
  Ignore I/O Paths                           :  No
  Timing Early Launch at Borrowing Latches   :  false

  Corner  Analyze    Analyze    
  Name    Max Paths  Min Paths  
  ------  ---------  ---------  
  Slow    Yes        Yes        
  Fast    Yes        Yes        



check_timing report

Table of Contents
-----------------
1. checking no_clock
2. checking constant_clock
3. checking pulse_width_clock
4. checking unconstrained_internal_endpoints
5. checking no_input_delay
6. checking no_output_delay
7. checking multiple_clock
8. checking generated_clocks
9. checking loops
10. checking partial_input_delay
11. checking partial_output_delay
12. checking latch_loops

1. checking no_clock
--------------------
 There are 0 register/latch pins with no clock.


2. checking constant_clock
--------------------------
 There are 0 register/latch pins with constant_clock.


3. checking pulse_width_clock
-----------------------------
 There are 0 register/latch pins which need pulse_width check


4. checking unconstrained_internal_endpoints
--------------------------------------------
 There are 0 pins that are not constrained for maximum delay.

 There are 0 pins that are not constrained for maximum delay due to constant clock.


5. checking no_input_delay
--------------------------
 There are 0 input ports with no input delay specified.

 There are 0 input ports with no input delay but user has a false path constraint.


6. checking no_output_delay
---------------------------
 There are 0 ports with no output delay specified.

 There are 0 ports with no output delay but user has a false path constraint

 There are 0 ports with no output delay but with a timing clock defined on it or propagating through it


7. checking multiple_clock
--------------------------
 There are 0 register/latch pins with multiple clocks.


8. checking generated_clocks
----------------------------
 There are 0 generated clocks that are not connected to a clock source.


9. checking loops
-----------------
 There are 0 combinational loops in the design.


10. checking partial_input_delay
--------------------------------
 There are 8 input ports with partial input delay specified. (HIGH)


11. checking partial_output_delay
---------------------------------
 There are 0 ports with partial output delay specified.


12. checking latch_loops
------------------------
 There are 0 combinational latch loops in the design through latch input



------------------------------------------------------------------------------------------------
| Design Timing Summary
| ---------------------
------------------------------------------------------------------------------------------------

    WNS(ns)      TNS(ns)  TNS Failing Endpoints  TNS Total Endpoints      WHS(ns)      THS(ns)  THS Failing Endpoints  THS Total Endpoints     WPWS(ns)     TPWS(ns)  TPWS Failing Endpoints  TPWS Total Endpoints  
    -------      -------  ---------------------  -------------------      -------      -------  ---------------------  -------------------     --------     --------  ----------------------  --------------------  
      0.507        0.000                      0                    7           NA           NA                     NA                   NA           NA           NA                      NA                    NA  


All user specified timing constraints are met.


------------------------------------------------------------------------------------------------
| Clock Summary
| -------------
------------------------------------------------------------------------------------------------

Clock  Waveform(ns)         Period(ns)      Frequency(MHz)
-----  ------------         ----------      --------------
clk    {0.000 4.650}        9.300           107.527         


------------------------------------------------------------------------------------------------
| Intra Clock Table
| -----------------
------------------------------------------------------------------------------------------------

Clock             WNS(ns)      TNS(ns)  TNS Failing Endpoints  TNS Total Endpoints      WHS(ns)      THS(ns)  THS Failing Endpoints  THS Total Endpoints     WPWS(ns)     TPWS(ns)  TPWS Failing Endpoints  TPWS Total Endpoints  
-----             -------      -------  ---------------------  -------------------      -------      -------  ---------------------  -------------------     --------     --------  ----------------------  --------------------  


------------------------------------------------------------------------------------------------
| Inter Clock Table
| -----------------
------------------------------------------------------------------------------------------------

From Clock    To Clock          WNS(ns)      TNS(ns)  TNS Failing Endpoints  TNS Total Endpoints      WHS(ns)      THS(ns)  THS Failing Endpoints  THS Total Endpoints  
----------    --------          -------      -------  ---------------------  -------------------      -------      -------  ---------------------  -------------------  


------------------------------------------------------------------------------------------------
| Other Path Groups Table
| -----------------------
------------------------------------------------------------------------------------------------

Path Group        From Clock        To Clock              WNS(ns)      TNS(ns)  TNS Failing Endpoints  TNS Total Endpoints      WHS(ns)      THS(ns)  THS Failing Endpoints  THS Total Endpoints  
----------        ----------        --------              -------      -------  ---------------------  -------------------      -------      -------  ---------------------  -------------------  
**default**       input port clock                          0.507        0.000                      0                    7                                                                        


------------------------------------------------------------------------------------------------
| Timing Details
| --------------
------------------------------------------------------------------------------------------------


---------------------------------------------------------------------------------------------------
Path Group:  **default**
From Clock:  input port clock
  To Clock:  

Setup :            0  Failing Endpoints,  Worst Slack        0.507ns,  Total Violation        0.000ns
Hold  :           NA  Failing Endpoints,  Worst Slack           NA  ,  Total Violation           NA
---------------------------------------------------------------------------------------------------


Max Delay Paths
--------------------------------------------------------------------------------------
Slack (MET) :             0.507ns  (required time - arrival time)
  Source:                 a[0]
                            (input port)
  Destination:            s[5]
  Path Group:             **default**
  Path Type:              Max at Slow Process Corner
  Requirement:            9.000ns  (MaxDelay Path 9.000ns)
  Data Path Delay:        8.493ns  (logic 3.282ns (38.646%)  route 5.211ns (61.354%))
  Logic Levels:           4  (CARRY4=2 IBUF=1 OBUF=1)
  Output Delay:           0.000ns
  Timing Exception:       MaxDelay Path 9.000ns

    Location             Delay type                Incr(ns)  Path(ns)    Partition      Netlist Resource(s)
  -------------------------------------------------------------------    ----------------------------------
    AV30                                              0.000     0.000 r  static         a[0] (IN)
                         net (fo=0)                   0.000     0.000    static         a[0]
    AV30                 IBUF (Prop_ibuf_I_O)         0.640     0.640 r  static         a_IBUF[0]_inst/O
                         net (fo=3, estimated)        1.846     2.486    boundary       ReConfig/a[0]
    SLICE_X50Y53         CARRY4 (Prop_carry4_DI[0]_CO[3])
                                                      0.283     2.769 r  reconfigurable ReConfig/s[0]_INST_0/CO[3]
                         net (fo=1, routed)           0.000     2.769    reconfigurable ReConfig/s[0]_INST_0_n_0
    SLICE_X50Y54         CARRY4 (Prop_carry4_CI_O[1])
                                                      0.165     2.934 r  reconfigurable ReConfig/c_out_INST_0/O[1]
                         net (fo=1, routed)           3.365     6.299    boundary       s[5]
    AP41                 OBUF (Prop_obuf_I_O)         2.194     8.493 r  static         s[5]_OBUF_inst/O
                         net (fo=0)                   0.000     8.493    static         s[5]_OBUF
    AP41                                                              r  static         s[5] (OUT)
  -------------------------------------------------------------------    ----------------------------------

                         max delay                    9.000     9.000                   
                         clock pessimism              0.000     9.000                     
                         output delay                -0.000     9.000                     
  -------------------------------------------------------------------
                         required time                          9.000                     
                         arrival time                          -8.493                     
  -------------------------------------------------------------------
                         slack                                  0.507                     

Slack (MET) :             0.508ns  (required time - arrival time)
  Source:                 a[0]
                            (input port)
  Destination:            s[7]
  Path Group:             **default**
  Path Type:              Max at Slow Process Corner
  Requirement:            9.000ns  (MaxDelay Path 9.000ns)
  Data Path Delay:        8.492ns  (logic 3.292ns (38.766%)  route 5.200ns (61.234%))
  Logic Levels:           5  (CARRY4=2 IBUF=1 LUT2=1 OBUF=1)
  Output Delay:           0.000ns
  Timing Exception:       MaxDelay Path 9.000ns

    Location             Delay type                Incr(ns)  Path(ns)    Partition      Netlist Resource(s)
  -------------------------------------------------------------------    ----------------------------------
    AV30                                              0.000     0.000 r  static         a[0] (IN)
                         net (fo=0)                   0.000     0.000    static         a[0]
    AV30                 IBUF (Prop_ibuf_I_O)         0.640     0.640 r  static         a_IBUF[0]_inst/O
                         net (fo=3, estimated)        1.846     2.486    boundary       ReConfig/a[0]
    SLICE_X50Y53         CARRY4 (Prop_carry4_DI[0]_CO[3])
                                                      0.283     2.769 r  reconfigurable ReConfig/s[0]_INST_0/CO[3]
                         net (fo=1, routed)           0.000     2.769    reconfigurable ReConfig/s[0]_INST_0_n_0
    SLICE_X50Y54         CARRY4 (Prop_carry4_CI_CO[2])
                                                      0.110     2.879 r  reconfigurable ReConfig/c_out_INST_0/CO[2]
                         net (fo=1, routed)           0.820     3.699    boundary       c_out
    SLICE_X49Y49         LUT2 (Prop_lut2_I0_O)        0.128     3.827 r  static         s_OBUF[7]_inst_i_1/O
                         net (fo=1, routed)           2.534     6.361    static         s_OBUF[7]
    AU39                 OBUF (Prop_obuf_I_O)         2.131     8.492 r  static         s_OBUF[7]_inst/O
                         net (fo=0)                   0.000     8.492    static         s[7]
    AU39                                                              r  static         s[7] (OUT)
  -------------------------------------------------------------------    ----------------------------------

                         max delay                    9.000     9.000                   
                         clock pessimism              0.000     9.000                     
                         output delay                -0.000     9.000                     
  -------------------------------------------------------------------
                         required time                          9.000                     
                         arrival time                          -8.492                     
  -------------------------------------------------------------------
                         slack                                  0.508                     

Slack (MET) :             0.660ns  (required time - arrival time)
  Source:                 a[0]
                            (input port)
  Destination:            s[3]
  Path Group:             **default**
  Path Type:              Max at Slow Process Corner
  Requirement:            9.000ns  (MaxDelay Path 9.000ns)
  Data Path Delay:        8.340ns  (logic 3.154ns (37.811%)  route 5.187ns (62.189%))
  Logic Levels:           3  (CARRY4=1 IBUF=1 OBUF=1)
  Output Delay:           0.000ns
  Timing Exception:       MaxDelay Path 9.000ns

    Location             Delay type                Incr(ns)  Path(ns)    Partition      Netlist Resource(s)
  -------------------------------------------------------------------    ----------------------------------
    AV30                                              0.000     0.000 r  static         a[0] (IN)
                         net (fo=0)                   0.000     0.000    static         a[0]
    AV30                 IBUF (Prop_ibuf_I_O)         0.640     0.640 r  static         a_IBUF[0]_inst/O
                         net (fo=3, estimated)        1.846     2.486    boundary       ReConfig/a[0]
    SLICE_X50Y53         CARRY4 (Prop_carry4_DI[0]_O[3])
                                                      0.322     2.808 r  reconfigurable ReConfig/s[0]_INST_0/O[3]
                         net (fo=1, routed)           3.341     6.149    boundary       s[3]
    AT37                 OBUF (Prop_obuf_I_O)         2.191     8.340 r  static         s[3]_OBUF_inst/O
                         net (fo=0)                   0.000     8.340    static         s[3]_OBUF
    AT37                                                              r  static         s[3] (OUT)
  -------------------------------------------------------------------    ----------------------------------

                         max delay                    9.000     9.000                   
                         clock pessimism              0.000     9.000                     
                         output delay                -0.000     9.000                     
  -------------------------------------------------------------------
                         required time                          9.000                     
                         arrival time                          -8.340                     
  -------------------------------------------------------------------
                         slack                                  0.660                     

Slack (MET) :             0.740ns  (required time - arrival time)
  Source:                 a[0]
                            (input port)
  Destination:            s[2]
  Path Group:             **default**
  Path Type:              Max at Slow Process Corner
  Requirement:            9.000ns  (MaxDelay Path 9.000ns)
  Data Path Delay:        8.260ns  (logic 3.117ns (37.728%)  route 5.144ns (62.272%))
  Logic Levels:           3  (CARRY4=1 IBUF=1 OBUF=1)
  Output Delay:           0.000ns
  Timing Exception:       MaxDelay Path 9.000ns

    Location             Delay type                Incr(ns)  Path(ns)    Partition      Netlist Resource(s)
  -------------------------------------------------------------------    ----------------------------------
    AV30                                              0.000     0.000 r  static         a[0] (IN)
                         net (fo=0)                   0.000     0.000    static         a[0]
    AV30                 IBUF (Prop_ibuf_I_O)         0.640     0.640 r  static         a_IBUF[0]_inst/O
                         net (fo=3, estimated)        1.846     2.486    boundary       ReConfig/a[0]
    SLICE_X50Y53         CARRY4 (Prop_carry4_DI[0]_O[2])
                                                      0.287     2.773 r  reconfigurable ReConfig/s[0]_INST_0/O[2]
                         net (fo=1, routed)           3.298     6.071    boundary       s[2]
    AR37                 OBUF (Prop_obuf_I_O)         2.189     8.260 r  static         s[2]_OBUF_inst/O
                         net (fo=0)                   0.000     8.260    static         s[2]_OBUF
    AR37                                                              r  static         s[2] (OUT)
  -------------------------------------------------------------------    ----------------------------------

                         max delay                    9.000     9.000                   
                         clock pessimism              0.000     9.000                     
                         output delay                -0.000     9.000                     
  -------------------------------------------------------------------
                         required time                          9.000                     
                         arrival time                          -8.260                     
  -------------------------------------------------------------------
                         slack                                  0.740                     

Slack (MET) :             0.839ns  (required time - arrival time)
  Source:                 a[0]
                            (input port)
  Destination:            s[0]
  Path Group:             **default**
  Path Type:              Max at Slow Process Corner
  Requirement:            9.000ns  (MaxDelay Path 9.000ns)
  Data Path Delay:        8.161ns  (logic 3.072ns (37.640%)  route 5.089ns (62.360%))
  Logic Levels:           3  (CARRY4=1 IBUF=1 OBUF=1)
  Output Delay:           0.000ns
  Timing Exception:       MaxDelay Path 9.000ns

    Location             Delay type                Incr(ns)  Path(ns)    Partition      Netlist Resource(s)
  -------------------------------------------------------------------    ----------------------------------
    AV30                                              0.000     0.000 r  static         a[0] (IN)
                         net (fo=0)                   0.000     0.000    static         a[0]
    AV30                 IBUF (Prop_ibuf_I_O)         0.640     0.640 r  static         a_IBUF[0]_inst/O
                         net (fo=3, estimated)        1.730     2.370    boundary       ReConfig/b[0]
    SLICE_X50Y53         CARRY4 (Prop_carry4_CYINIT_O[0])
                                                      0.262     2.632 r  reconfigurable ReConfig/s[0]_INST_0/O[0]
                         net (fo=1, routed)           3.359     5.991    boundary       s[0]
    AM39                 OBUF (Prop_obuf_I_O)         2.170     8.161 r  static         s[0]_OBUF_inst/O
                         net (fo=0)                   0.000     8.161    static         s[0]_OBUF
    AM39                                                              r  static         s[0] (OUT)
  -------------------------------------------------------------------    ----------------------------------

                         max delay                    9.000     9.000                   
                         clock pessimism              0.000     9.000                     
                         output delay                -0.000     9.000                     
  -------------------------------------------------------------------
                         required time                          9.000                     
                         arrival time                          -8.161                     
  -------------------------------------------------------------------
                         slack                                  0.839                     

Slack (MET) :             0.885ns  (required time - arrival time)
  Source:                 a[0]
                            (input port)
  Destination:            s[1]
  Path Group:             **default**
  Path Type:              Max at Slow Process Corner
  Requirement:            9.000ns  (MaxDelay Path 9.000ns)
  Data Path Delay:        8.115ns  (logic 3.149ns (38.805%)  route 4.966ns (61.195%))
  Logic Levels:           3  (CARRY4=1 IBUF=1 OBUF=1)
  Output Delay:           0.000ns
  Timing Exception:       MaxDelay Path 9.000ns

    Location             Delay type                Incr(ns)  Path(ns)    Partition      Netlist Resource(s)
  -------------------------------------------------------------------    ----------------------------------
    AV30                                              0.000     0.000 r  static         a[0] (IN)
                         net (fo=0)                   0.000     0.000    static         a[0]
    AV30                 IBUF (Prop_ibuf_I_O)         0.640     0.640 r  static         a_IBUF[0]_inst/O
                         net (fo=3, estimated)        1.730     2.370    boundary       ReConfig/b[0]
    SLICE_X50Y53         CARRY4 (Prop_carry4_CYINIT_O[1])
                                                      0.326     2.696 r  reconfigurable ReConfig/s[0]_INST_0/O[1]
                         net (fo=1, routed)           3.236     5.932    boundary       s[1]
    AN39                 OBUF (Prop_obuf_I_O)         2.183     8.115 r  static         s[1]_OBUF_inst/O
                         net (fo=0)                   0.000     8.115    static         s[1]_OBUF
    AN39                                                              r  static         s[1] (OUT)
  -------------------------------------------------------------------    ----------------------------------

                         max delay                    9.000     9.000                   
                         clock pessimism              0.000     9.000                     
                         output delay                -0.000     9.000                     
  -------------------------------------------------------------------
                         required time                          9.000                     
                         arrival time                          -8.115                     
  -------------------------------------------------------------------
                         slack                                  0.885                     

Slack (MET) :             2.056ns  (required time - arrival time)
  Source:                 a[0]
                            (input port)
  Destination:            s[4]
  Path Group:             **default**
  Path Type:              Max at Slow Process Corner
  Requirement:            9.000ns  (MaxDelay Path 9.000ns)
  Data Path Delay:        6.944ns  (logic 3.169ns (45.636%)  route 3.775ns (54.364%))
  Logic Levels:           4  (CARRY4=2 IBUF=1 OBUF=1)
  Output Delay:           0.000ns
  Timing Exception:       MaxDelay Path 9.000ns

    Location             Delay type                Incr(ns)  Path(ns)    Partition      Netlist Resource(s)
  -------------------------------------------------------------------    ----------------------------------
    AV30                                              0.000     0.000 r  static         a[0] (IN)
                         net (fo=0)                   0.000     0.000    static         a[0]
    AV30                 IBUF (Prop_ibuf_I_O)         0.640     0.640 r  static         a_IBUF[0]_inst/O
                         net (fo=3, estimated)        1.846     2.486    boundary       ReConfig/a[0]
    SLICE_X50Y53         CARRY4 (Prop_carry4_DI[0]_CO[3])
                                                      0.283     2.769 r  reconfigurable ReConfig/s[0]_INST_0/CO[3]
                         net (fo=1, routed)           0.000     2.769    reconfigurable ReConfig/s[0]_INST_0_n_0
    SLICE_X50Y54         CARRY4 (Prop_carry4_CI_O[0])
                                                      0.108     2.877 r  reconfigurable ReConfig/c_out_INST_0/O[0]
                         net (fo=1, routed)           1.929     4.806    boundary       s[4]
    AR35                 OBUF (Prop_obuf_I_O)         2.138     6.944 r  static         s[4]_OBUF_inst/O
                         net (fo=0)                   0.000     6.944    static         s[4]_OBUF
    AR35                                                              r  static         s[4] (OUT)
  -------------------------------------------------------------------    ----------------------------------

                         max delay                    9.000     9.000                   
                         clock pessimism              0.000     9.000                     
                         output delay                -0.000     9.000                     
  -------------------------------------------------------------------
                         required time                          9.000                     
                         arrival time                          -6.944                     
  -------------------------------------------------------------------
                         slack                                  2.056                     





