
*** Running vivado
    with args -log RCA_Adder.vds -m64 -product Vivado -mode batch -messageDb vivado.pb -notrace -source RCA_Adder.tcl


****** Vivado v2017.1 (64-bit)
  **** SW Build 1846317 on Fri Apr 14 18:55:03 MDT 2017
  **** IP Build 1846188 on Fri Apr 14 20:52:08 MDT 2017
    ** Copyright 1986-2017 Xilinx, Inc. All Rights Reserved.

source RCA_Adder.tcl -notrace
Command: synth_design -top RCA_Adder -part xc7vx485tffg1761-2 -mode out_of_context
Starting synth_design
Attempting to get a license for feature 'Synthesis' and/or device 'xc7vx485t-ffg1761'
INFO: [Common 17-349] Got license for feature 'Synthesis' and/or device 'xc7vx485t-ffg1761'
INFO: [Common 17-1223] The version limit for your license is '2017.12' and will expire in -58 days. A version limit expiration means that, although you may be able to continue to use the current version of tools or IP with this license, you will not be eligible for any updates or new releases.
INFO: Launching helper process for spawning children vivado processes
INFO: Helper process launched with PID 684 
---------------------------------------------------------------------------------
Starting Synthesize : Time (s): cpu = 00:00:03 ; elapsed = 00:00:03 . Memory (MB): peak = 342.746 ; gain = 74.238
---------------------------------------------------------------------------------
INFO: [Synth 8-638] synthesizing module 'RCA_Adder' [C:/Users/s3081701/Dropbox/Diplomarbeit/XilinxProjects/Reconfig_Adders/Reconfig_Adders.srcs/Four_Bit_RCA_Cut1LUT/imports/Reconfig_Adders/4bit_RCA_cut1LUT.vhd:23]
	Parameter INIT bound to: 64'b0000000000010111000101111110100011111111111010001110100000000000 
INFO: [Synth 8-113] binding component instance 'PG1' to cell 'LUT6_2' [C:/Users/s3081701/Dropbox/Diplomarbeit/XilinxProjects/Reconfig_Adders/Reconfig_Adders.srcs/Four_Bit_RCA_Cut1LUT/imports/Reconfig_Adders/4bit_RCA_cut1LUT.vhd:56]
	Parameter INIT bound to: 64'b0110011001100110011001100110011001100110011001100110011001100110 
INFO: [Synth 8-113] binding component instance 'PG' to cell 'LUT6_2' [C:/Users/s3081701/Dropbox/Diplomarbeit/XilinxProjects/Reconfig_Adders/Reconfig_Adders.srcs/Four_Bit_RCA_Cut1LUT/imports/Reconfig_Adders/4bit_RCA_cut1LUT.vhd:74]
	Parameter INIT bound to: 64'b0110011001100110011001100110011001100110011001100110011001100110 
INFO: [Synth 8-113] binding component instance 'PG' to cell 'LUT6_2' [C:/Users/s3081701/Dropbox/Diplomarbeit/XilinxProjects/Reconfig_Adders/Reconfig_Adders.srcs/Four_Bit_RCA_Cut1LUT/imports/Reconfig_Adders/4bit_RCA_cut1LUT.vhd:74]
	Parameter INIT bound to: 64'b0000000000000000000000000000000000000000000000000000000000000000 
INFO: [Synth 8-113] binding component instance 's1' to cell 'LUT6_2' [C:/Users/s3081701/Dropbox/Diplomarbeit/XilinxProjects/Reconfig_Adders/Reconfig_Adders.srcs/Four_Bit_RCA_Cut1LUT/imports/Reconfig_Adders/4bit_RCA_cut1LUT.vhd:90]
	Parameter INIT bound to: 64'b0000000000000000000000000000000000000000000000000000000000000000 
INFO: [Synth 8-113] binding component instance 's2' to cell 'LUT6_2' [C:/Users/s3081701/Dropbox/Diplomarbeit/XilinxProjects/Reconfig_Adders/Reconfig_Adders.srcs/Four_Bit_RCA_Cut1LUT/imports/Reconfig_Adders/4bit_RCA_cut1LUT.vhd:105]
INFO: [Synth 8-113] binding component instance 'Chain' to cell 'CARRY4' [C:/Users/s3081701/Dropbox/Diplomarbeit/XilinxProjects/Reconfig_Adders/Reconfig_Adders.srcs/Four_Bit_RCA_Cut1LUT/imports/Reconfig_Adders/4bit_RCA_cut1LUT.vhd:123]
INFO: [Synth 8-256] done synthesizing module 'RCA_Adder' (1#1) [C:/Users/s3081701/Dropbox/Diplomarbeit/XilinxProjects/Reconfig_Adders/Reconfig_Adders.srcs/Four_Bit_RCA_Cut1LUT/imports/Reconfig_Adders/4bit_RCA_cut1LUT.vhd:23]
---------------------------------------------------------------------------------
Finished Synthesize : Time (s): cpu = 00:00:03 ; elapsed = 00:00:03 . Memory (MB): peak = 382.824 ; gain = 114.316
---------------------------------------------------------------------------------
---------------------------------------------------------------------------------
Finished Constraint Validation : Time (s): cpu = 00:00:04 ; elapsed = 00:00:04 . Memory (MB): peak = 382.824 ; gain = 114.316
---------------------------------------------------------------------------------
---------------------------------------------------------------------------------
Start Loading Part and Timing Information
---------------------------------------------------------------------------------
Loading part: xc7vx485tffg1761-2
---------------------------------------------------------------------------------
Finished Loading Part and Timing Information : Time (s): cpu = 00:00:04 ; elapsed = 00:00:04 . Memory (MB): peak = 382.824 ; gain = 114.316
---------------------------------------------------------------------------------
INFO: [Device 21-403] Loading part xc7vx485tffg1761-2
---------------------------------------------------------------------------------
Finished RTL Optimization Phase 2 : Time (s): cpu = 00:00:04 ; elapsed = 00:00:04 . Memory (MB): peak = 382.824 ; gain = 114.316
---------------------------------------------------------------------------------

Report RTL Partitions: 
+-+--------------+------------+----------+
| |RTL Partition |Replication |Instances |
+-+--------------+------------+----------+
+-+--------------+------------+----------+
No constraint files found.
---------------------------------------------------------------------------------
Start RTL Component Statistics 
---------------------------------------------------------------------------------
Detailed RTL Component Info : 
---------------------------------------------------------------------------------
Finished RTL Component Statistics 
---------------------------------------------------------------------------------
---------------------------------------------------------------------------------
Start RTL Hierarchical Component Statistics 
---------------------------------------------------------------------------------
Hierarchical RTL Component report 
---------------------------------------------------------------------------------
Finished RTL Hierarchical Component Statistics
---------------------------------------------------------------------------------
---------------------------------------------------------------------------------
Start Part Resource Summary
---------------------------------------------------------------------------------
Part Resources:
DSPs: 2800 (col length:140)
BRAMs: 2060 (col length: RAMB18 140 RAMB36 70)
---------------------------------------------------------------------------------
Finished Part Resource Summary
---------------------------------------------------------------------------------
No constraint files found.
---------------------------------------------------------------------------------
Start Cross Boundary and Area Optimization
---------------------------------------------------------------------------------
---------------------------------------------------------------------------------
Finished Cross Boundary and Area Optimization : Time (s): cpu = 00:00:12 ; elapsed = 00:00:12 . Memory (MB): peak = 629.961 ; gain = 361.453
---------------------------------------------------------------------------------

Report RTL Partitions: 
+-+--------------+------------+----------+
| |RTL Partition |Replication |Instances |
+-+--------------+------------+----------+
+-+--------------+------------+----------+
No constraint files found.
---------------------------------------------------------------------------------
Start Timing Optimization
---------------------------------------------------------------------------------
---------------------------------------------------------------------------------
Finished Timing Optimization : Time (s): cpu = 00:00:12 ; elapsed = 00:00:12 . Memory (MB): peak = 629.961 ; gain = 361.453
---------------------------------------------------------------------------------

Report RTL Partitions: 
+-+--------------+------------+----------+
| |RTL Partition |Replication |Instances |
+-+--------------+------------+----------+
+-+--------------+------------+----------+
---------------------------------------------------------------------------------
Start Technology Mapping
---------------------------------------------------------------------------------
---------------------------------------------------------------------------------
Finished Technology Mapping : Time (s): cpu = 00:00:12 ; elapsed = 00:00:12 . Memory (MB): peak = 634.559 ; gain = 366.051
---------------------------------------------------------------------------------

Report RTL Partitions: 
+-+--------------+------------+----------+
| |RTL Partition |Replication |Instances |
+-+--------------+------------+----------+
+-+--------------+------------+----------+
---------------------------------------------------------------------------------
Start IO Insertion
---------------------------------------------------------------------------------
---------------------------------------------------------------------------------
Start Flattening Before IO Insertion
---------------------------------------------------------------------------------
---------------------------------------------------------------------------------
Finished Flattening Before IO Insertion
---------------------------------------------------------------------------------
---------------------------------------------------------------------------------
Start Final Netlist Cleanup
---------------------------------------------------------------------------------
---------------------------------------------------------------------------------
Finished Final Netlist Cleanup
---------------------------------------------------------------------------------
---------------------------------------------------------------------------------
Finished IO Insertion : Time (s): cpu = 00:00:12 ; elapsed = 00:00:13 . Memory (MB): peak = 634.559 ; gain = 366.051
---------------------------------------------------------------------------------

Report Check Netlist: 
+------+------------------+-------+---------+-------+------------------+
|      |Item              |Errors |Warnings |Status |Description       |
+------+------------------+-------+---------+-------+------------------+
|1     |multi_driven_nets |      0|        0|Passed |Multi driven nets |
+------+------------------+-------+---------+-------+------------------+
---------------------------------------------------------------------------------
Start Renaming Generated Instances
---------------------------------------------------------------------------------
---------------------------------------------------------------------------------
Finished Renaming Generated Instances : Time (s): cpu = 00:00:12 ; elapsed = 00:00:13 . Memory (MB): peak = 634.559 ; gain = 366.051
---------------------------------------------------------------------------------

Report RTL Partitions: 
+-+--------------+------------+----------+
| |RTL Partition |Replication |Instances |
+-+--------------+------------+----------+
+-+--------------+------------+----------+
---------------------------------------------------------------------------------
Start Rebuilding User Hierarchy
---------------------------------------------------------------------------------
---------------------------------------------------------------------------------
Finished Rebuilding User Hierarchy : Time (s): cpu = 00:00:12 ; elapsed = 00:00:13 . Memory (MB): peak = 634.559 ; gain = 366.051
---------------------------------------------------------------------------------
---------------------------------------------------------------------------------
Start Renaming Generated Ports
---------------------------------------------------------------------------------
---------------------------------------------------------------------------------
Finished Renaming Generated Ports : Time (s): cpu = 00:00:12 ; elapsed = 00:00:13 . Memory (MB): peak = 634.559 ; gain = 366.051
---------------------------------------------------------------------------------
---------------------------------------------------------------------------------
Start Handling Custom Attributes
---------------------------------------------------------------------------------
---------------------------------------------------------------------------------
Finished Handling Custom Attributes : Time (s): cpu = 00:00:12 ; elapsed = 00:00:13 . Memory (MB): peak = 634.559 ; gain = 366.051
---------------------------------------------------------------------------------
---------------------------------------------------------------------------------
Start Renaming Generated Nets
---------------------------------------------------------------------------------
---------------------------------------------------------------------------------
Finished Renaming Generated Nets : Time (s): cpu = 00:00:12 ; elapsed = 00:00:13 . Memory (MB): peak = 634.559 ; gain = 366.051
---------------------------------------------------------------------------------
---------------------------------------------------------------------------------
Start Writing Synthesis Report
---------------------------------------------------------------------------------

Report BlackBoxes: 
+-+--------------+----------+
| |BlackBox name |Instances |
+-+--------------+----------+
+-+--------------+----------+

Report Cell Usage: 
+------+-------+------+
|      |Cell   |Count |
+------+-------+------+
|1     |CARRY4 |     1|
|2     |LUT6_2 |     5|
+------+-------+------+

Report Instance Areas: 
+------+---------+-------+------+
|      |Instance |Module |Cells |
+------+---------+-------+------+
|1     |top      |       |     6|
+------+---------+-------+------+
---------------------------------------------------------------------------------
Finished Writing Synthesis Report : Time (s): cpu = 00:00:12 ; elapsed = 00:00:13 . Memory (MB): peak = 634.559 ; gain = 366.051
---------------------------------------------------------------------------------
Synthesis finished with 0 errors, 0 critical warnings and 0 warnings.
Synthesis Optimization Runtime : Time (s): cpu = 00:00:12 ; elapsed = 00:00:13 . Memory (MB): peak = 634.559 ; gain = 366.051
Synthesis Optimization Complete : Time (s): cpu = 00:00:12 ; elapsed = 00:00:13 . Memory (MB): peak = 634.559 ; gain = 366.051
INFO: [Project 1-571] Translating synthesized netlist
INFO: [Netlist 29-17] Analyzing 6 Unisim elements for replacement
INFO: [Netlist 29-28] Unisim Transformation completed in 0 CPU seconds
INFO: [Project 1-570] Preparing netlist for logic optimization
INFO: [Opt 31-138] Pushed 0 inverter(s) to 0 load pin(s).
INFO: [Project 1-111] Unisim Transformation Summary:
  A total of 5 instances were transformed.
  LUT6_2 => LUT6_2 (LUT5, LUT6): 5 instances

17 Infos, 0 Warnings, 0 Critical Warnings and 0 Errors encountered.
synth_design completed successfully
synth_design: Time (s): cpu = 00:00:19 ; elapsed = 00:00:34 . Memory (MB): peak = 731.906 ; gain = 477.344
INFO: [Timing 38-35] Done setting XDC timing constraints.
INFO: [Common 17-1381] The checkpoint 'C:/Users/s3081701/Dropbox/Diplomarbeit/XilinxProjects/Reconfig_Adders/Reconfig_Adders.runs/Four_Bit_RCA_Cut1LUT_synth_1/RCA_Adder.dcp' has been generated.
write_checkpoint: Time (s): cpu = 00:00:13 ; elapsed = 00:00:14 . Memory (MB): peak = 1259.617 ; gain = 527.711
report_utilization: Time (s): cpu = 00:00:00 ; elapsed = 00:00:00.036 . Memory (MB): peak = 1259.617 ; gain = 0.000
INFO: [Common 17-206] Exiting Vivado at Tue Feb 27 20:18:25 2018...
