
*** Running vivado
    with args -log RCA_Adder.vds -m64 -product Vivado -mode batch -messageDb vivado.pb -notrace -source RCA_Adder.tcl


****** Vivado v2017.1 (64-bit)
  **** SW Build 1846317 on Fri Apr 14 18:54:47 MDT 2017
  **** IP Build 1846188 on Fri Apr 14 20:52:08 MDT 2017
    ** Copyright 1986-2017 Xilinx, Inc. All Rights Reserved.

source RCA_Adder.tcl -notrace
Command: synth_design -top RCA_Adder -part xc7vx485tffg1761-2 -mode out_of_context
Starting synth_design
Attempting to get a license for feature 'Synthesis' and/or device 'xc7vx485t-ffg1761'
INFO: [Common 17-349] Got license for feature 'Synthesis' and/or device 'xc7vx485t-ffg1761'
INFO: [Common 17-1223] The version limit for your license is '2017.12' and will expire in -39 days. A version limit expiration means that, although you may be able to continue to use the current version of tools or IP with this license, you will not be eligible for any updates or new releases.
INFO: Launching helper process for spawning children vivado processes
INFO: Helper process launched with PID 26480 
---------------------------------------------------------------------------------
Starting Synthesize : Time (s): cpu = 00:00:04 ; elapsed = 00:00:04 . Memory (MB): peak = 1225.578 ; gain = 75.992 ; free physical = 16516 ; free virtual = 40532
---------------------------------------------------------------------------------
INFO: [Synth 8-638] synthesizing module 'RCA_Adder' [/afs/pd.inf.tu-dresden.de/users/s3081701/tmp/Diplomarbeit/Reconfig_Adders/Reconfig_Adders.srcs/Six_Bit_QuAd_1122/imports/new/6bit_1122_QuAd_LUT.vhd:23]
	Parameter INIT bound to: 64'b0000000000000000000000000000000000000000000000000000000000000000 
INFO: [Synth 8-113] binding component instance 's1' to cell 'LUT6_2' [/afs/pd.inf.tu-dresden.de/users/s3081701/tmp/Diplomarbeit/Reconfig_Adders/Reconfig_Adders.srcs/Six_Bit_QuAd_1122/imports/new/6bit_1122_QuAd_LUT.vhd:49]
	Parameter INIT bound to: 64'b1001011010010110100101101001011010010110100101101001011010010110 
INFO: [Synth 8-113] binding component instance 'PGSmall' to cell 'LUT6_2' [/afs/pd.inf.tu-dresden.de/users/s3081701/tmp/Diplomarbeit/Reconfig_Adders/Reconfig_Adders.srcs/Six_Bit_QuAd_1122/imports/new/6bit_1122_QuAd_LUT.vhd:69]
	Parameter INIT bound to: 64'b1000011101111000100001110111100010000111011110001000011101111000 
INFO: [Synth 8-113] binding component instance 'PGSmall' to cell 'LUT6_2' [/afs/pd.inf.tu-dresden.de/users/s3081701/tmp/Diplomarbeit/Reconfig_Adders/Reconfig_Adders.srcs/Six_Bit_QuAd_1122/imports/new/6bit_1122_QuAd_LUT.vhd:137]
	Parameter INIT bound to: 64'b1000011101111000100001110111100001100110011001100110011001100110 
INFO: [Synth 8-113] binding component instance 'PGSmall' to cell 'LUT6_2' [/afs/pd.inf.tu-dresden.de/users/s3081701/tmp/Diplomarbeit/Reconfig_Adders/Reconfig_Adders.srcs/Six_Bit_QuAd_1122/imports/new/6bit_1122_QuAd_LUT.vhd:153]
	Parameter INIT bound to: 64'b0000011001100000000001100110000011111000100000001111100010000000 
INFO: [Synth 8-113] binding component instance 'PGHighFirst' to cell 'LUT6_2' [/afs/pd.inf.tu-dresden.de/users/s3081701/tmp/Diplomarbeit/Reconfig_Adders/Reconfig_Adders.srcs/Six_Bit_QuAd_1122/imports/new/6bit_1122_QuAd_LUT.vhd:261]
	Parameter INIT bound to: 64'b0110011001100110011001100110011001100110011001100110011001100110 
INFO: [Synth 8-113] binding component instance 'PGHigh' to cell 'LUT6_2' [/afs/pd.inf.tu-dresden.de/users/s3081701/tmp/Diplomarbeit/Reconfig_Adders/Reconfig_Adders.srcs/Six_Bit_QuAd_1122/imports/new/6bit_1122_QuAd_LUT.vhd:278]
INFO: [Synth 8-113] binding component instance 'ChainHigh' to cell 'CARRY4' [/afs/pd.inf.tu-dresden.de/users/s3081701/tmp/Diplomarbeit/Reconfig_Adders/Reconfig_Adders.srcs/Six_Bit_QuAd_1122/imports/new/6bit_1122_QuAd_LUT.vhd:295]
INFO: [Synth 8-256] done synthesizing module 'RCA_Adder' (1#1) [/afs/pd.inf.tu-dresden.de/users/s3081701/tmp/Diplomarbeit/Reconfig_Adders/Reconfig_Adders.srcs/Six_Bit_QuAd_1122/imports/new/6bit_1122_QuAd_LUT.vhd:23]
---------------------------------------------------------------------------------
Finished Synthesize : Time (s): cpu = 00:00:05 ; elapsed = 00:00:05 . Memory (MB): peak = 1266.078 ; gain = 116.492 ; free physical = 16524 ; free virtual = 40541
---------------------------------------------------------------------------------
---------------------------------------------------------------------------------
Finished Constraint Validation : Time (s): cpu = 00:00:05 ; elapsed = 00:00:05 . Memory (MB): peak = 1266.078 ; gain = 116.492 ; free physical = 16524 ; free virtual = 40542
---------------------------------------------------------------------------------
---------------------------------------------------------------------------------
Start Loading Part and Timing Information
---------------------------------------------------------------------------------
Loading part: xc7vx485tffg1761-2
---------------------------------------------------------------------------------
Finished Loading Part and Timing Information : Time (s): cpu = 00:00:05 ; elapsed = 00:00:05 . Memory (MB): peak = 1274.082 ; gain = 124.496 ; free physical = 16524 ; free virtual = 40542
---------------------------------------------------------------------------------
INFO: [Device 21-403] Loading part xc7vx485tffg1761-2
---------------------------------------------------------------------------------
Finished RTL Optimization Phase 2 : Time (s): cpu = 00:00:05 ; elapsed = 00:00:05 . Memory (MB): peak = 1282.090 ; gain = 132.504 ; free physical = 16525 ; free virtual = 40542
---------------------------------------------------------------------------------

Report RTL Partitions: 
+-+--------------+------------+----------+
| |RTL Partition |Replication |Instances |
+-+--------------+------------+----------+
+-+--------------+------------+----------+
No constraint files found.
---------------------------------------------------------------------------------
Start RTL Component Statistics 
---------------------------------------------------------------------------------
Detailed RTL Component Info : 
---------------------------------------------------------------------------------
Finished RTL Component Statistics 
---------------------------------------------------------------------------------
---------------------------------------------------------------------------------
Start RTL Hierarchical Component Statistics 
---------------------------------------------------------------------------------
Hierarchical RTL Component report 
---------------------------------------------------------------------------------
Finished RTL Hierarchical Component Statistics
---------------------------------------------------------------------------------
---------------------------------------------------------------------------------
Start Part Resource Summary
---------------------------------------------------------------------------------
Part Resources:
DSPs: 2800 (col length:140)
BRAMs: 2060 (col length: RAMB18 140 RAMB36 70)
---------------------------------------------------------------------------------
Finished Part Resource Summary
---------------------------------------------------------------------------------
No constraint files found.
---------------------------------------------------------------------------------
Start Cross Boundary and Area Optimization
---------------------------------------------------------------------------------
---------------------------------------------------------------------------------
Finished Cross Boundary and Area Optimization : Time (s): cpu = 00:00:15 ; elapsed = 00:00:17 . Memory (MB): peak = 1499.332 ; gain = 349.746 ; free physical = 16266 ; free virtual = 40283
---------------------------------------------------------------------------------

Report RTL Partitions: 
+-+--------------+------------+----------+
| |RTL Partition |Replication |Instances |
+-+--------------+------------+----------+
+-+--------------+------------+----------+
No constraint files found.
---------------------------------------------------------------------------------
Start Timing Optimization
---------------------------------------------------------------------------------
---------------------------------------------------------------------------------
Finished Timing Optimization : Time (s): cpu = 00:00:15 ; elapsed = 00:00:17 . Memory (MB): peak = 1499.332 ; gain = 349.746 ; free physical = 16265 ; free virtual = 40282
---------------------------------------------------------------------------------

Report RTL Partitions: 
+-+--------------+------------+----------+
| |RTL Partition |Replication |Instances |
+-+--------------+------------+----------+
+-+--------------+------------+----------+
---------------------------------------------------------------------------------
Start Technology Mapping
---------------------------------------------------------------------------------
---------------------------------------------------------------------------------
Finished Technology Mapping : Time (s): cpu = 00:00:15 ; elapsed = 00:00:17 . Memory (MB): peak = 1507.340 ; gain = 357.754 ; free physical = 16263 ; free virtual = 40280
---------------------------------------------------------------------------------

Report RTL Partitions: 
+-+--------------+------------+----------+
| |RTL Partition |Replication |Instances |
+-+--------------+------------+----------+
+-+--------------+------------+----------+
---------------------------------------------------------------------------------
Start IO Insertion
---------------------------------------------------------------------------------
---------------------------------------------------------------------------------
Start Flattening Before IO Insertion
---------------------------------------------------------------------------------
---------------------------------------------------------------------------------
Finished Flattening Before IO Insertion
---------------------------------------------------------------------------------
---------------------------------------------------------------------------------
Start Final Netlist Cleanup
---------------------------------------------------------------------------------
---------------------------------------------------------------------------------
Finished Final Netlist Cleanup
---------------------------------------------------------------------------------
---------------------------------------------------------------------------------
Finished IO Insertion : Time (s): cpu = 00:00:16 ; elapsed = 00:00:18 . Memory (MB): peak = 1507.340 ; gain = 357.754 ; free physical = 16263 ; free virtual = 40280
---------------------------------------------------------------------------------

Report Check Netlist: 
+------+------------------+-------+---------+-------+------------------+
|      |Item              |Errors |Warnings |Status |Description       |
+------+------------------+-------+---------+-------+------------------+
|1     |multi_driven_nets |      0|        0|Passed |Multi driven nets |
+------+------------------+-------+---------+-------+------------------+
---------------------------------------------------------------------------------
Start Renaming Generated Instances
---------------------------------------------------------------------------------
---------------------------------------------------------------------------------
Finished Renaming Generated Instances : Time (s): cpu = 00:00:16 ; elapsed = 00:00:18 . Memory (MB): peak = 1507.340 ; gain = 357.754 ; free physical = 16263 ; free virtual = 40280
---------------------------------------------------------------------------------

Report RTL Partitions: 
+-+--------------+------------+----------+
| |RTL Partition |Replication |Instances |
+-+--------------+------------+----------+
+-+--------------+------------+----------+
---------------------------------------------------------------------------------
Start Rebuilding User Hierarchy
---------------------------------------------------------------------------------
---------------------------------------------------------------------------------
Finished Rebuilding User Hierarchy : Time (s): cpu = 00:00:16 ; elapsed = 00:00:18 . Memory (MB): peak = 1507.340 ; gain = 357.754 ; free physical = 16263 ; free virtual = 40280
---------------------------------------------------------------------------------
---------------------------------------------------------------------------------
Start Renaming Generated Ports
---------------------------------------------------------------------------------
---------------------------------------------------------------------------------
Finished Renaming Generated Ports : Time (s): cpu = 00:00:16 ; elapsed = 00:00:18 . Memory (MB): peak = 1507.340 ; gain = 357.754 ; free physical = 16263 ; free virtual = 40280
---------------------------------------------------------------------------------
---------------------------------------------------------------------------------
Start Handling Custom Attributes
---------------------------------------------------------------------------------
---------------------------------------------------------------------------------
Finished Handling Custom Attributes : Time (s): cpu = 00:00:16 ; elapsed = 00:00:18 . Memory (MB): peak = 1507.340 ; gain = 357.754 ; free physical = 16263 ; free virtual = 40280
---------------------------------------------------------------------------------
---------------------------------------------------------------------------------
Start Renaming Generated Nets
---------------------------------------------------------------------------------
---------------------------------------------------------------------------------
Finished Renaming Generated Nets : Time (s): cpu = 00:00:16 ; elapsed = 00:00:18 . Memory (MB): peak = 1507.340 ; gain = 357.754 ; free physical = 16263 ; free virtual = 40280
---------------------------------------------------------------------------------
---------------------------------------------------------------------------------
Start Writing Synthesis Report
---------------------------------------------------------------------------------

Report BlackBoxes: 
+-+--------------+----------+
| |BlackBox name |Instances |
+-+--------------+----------+
+-+--------------+----------+

Report Cell Usage: 
+------+-------+------+
|      |Cell   |Count |
+------+-------+------+
|1     |CARRY4 |     1|
|2     |LUT6_2 |     6|
+------+-------+------+

Report Instance Areas: 
+------+---------+-------+------+
|      |Instance |Module |Cells |
+------+---------+-------+------+
|1     |top      |       |     7|
+------+---------+-------+------+
---------------------------------------------------------------------------------
Finished Writing Synthesis Report : Time (s): cpu = 00:00:16 ; elapsed = 00:00:18 . Memory (MB): peak = 1507.340 ; gain = 357.754 ; free physical = 16263 ; free virtual = 40280
---------------------------------------------------------------------------------
Synthesis finished with 0 errors, 0 critical warnings and 0 warnings.
Synthesis Optimization Runtime : Time (s): cpu = 00:00:16 ; elapsed = 00:00:18 . Memory (MB): peak = 1507.340 ; gain = 357.754 ; free physical = 16263 ; free virtual = 40280
Synthesis Optimization Complete : Time (s): cpu = 00:00:16 ; elapsed = 00:00:18 . Memory (MB): peak = 1507.348 ; gain = 357.754 ; free physical = 16263 ; free virtual = 40280
INFO: [Project 1-571] Translating synthesized netlist
INFO: [Netlist 29-17] Analyzing 7 Unisim elements for replacement
INFO: [Netlist 29-28] Unisim Transformation completed in 0 CPU seconds
INFO: [Project 1-570] Preparing netlist for logic optimization
INFO: [Opt 31-138] Pushed 0 inverter(s) to 0 load pin(s).
INFO: [Project 1-111] Unisim Transformation Summary:
  A total of 6 instances were transformed.
  LUT6_2 => LUT6_2 (LUT5, LUT6): 6 instances

18 Infos, 0 Warnings, 0 Critical Warnings and 0 Errors encountered.
synth_design completed successfully
synth_design: Time (s): cpu = 00:00:22 ; elapsed = 00:01:14 . Memory (MB): peak = 1647.367 ; gain = 557.219 ; free physical = 16193 ; free virtual = 40209
INFO: [Timing 38-35] Done setting XDC timing constraints.
INFO: [Common 17-1381] The checkpoint '/afs/pd.inf.tu-dresden.de/users/s3081701/tmp/Diplomarbeit/Reconfig_Adders/Reconfig_Adders.runs/Six_Bit_QuAd_1122_synth_1/RCA_Adder.dcp' has been generated.
write_checkpoint: Time (s): cpu = 00:00:11 ; elapsed = 00:00:12 . Memory (MB): peak = 2229.152 ; gain = 581.785 ; free physical = 15717 ; free virtual = 39734
report_utilization: Time (s): cpu = 00:00:00.17 ; elapsed = 00:00:00.80 . Memory (MB): peak = 2229.152 ; gain = 0.000 ; free physical = 15715 ; free virtual = 39731
INFO: [Common 17-206] Exiting Vivado at Thu Feb  8 18:27:13 2018...
