
*** Running vivado
    with args -log top.vdi -applog -m64 -product Vivado -messageDb vivado.pb -mode batch -source top.tcl -notrace


****** Vivado v2017.1 (64-bit)
  **** SW Build 1846317 on Fri Apr 14 18:55:03 MDT 2017
  **** IP Build 1846188 on Fri Apr 14 20:52:08 MDT 2017
    ** Copyright 1986-2017 Xilinx, Inc. All Rights Reserved.

source top.tcl -notrace
Design is defaulting to srcset: sources_1
Design is defaulting to constrset: constrs_1
INFO: [Project 1-454] Reading design checkpoint 'C:/Users/s3081701/Dropbox/Diplomarbeit/XilinxProjects/Reconfig_Adders/Reconfig_Adders.runs/Four_Bit_RCA_LUT_synth_1/RCA_Adder.dcp' for cell 'ReConfig'
WARNING: [filemgmt 56-12] File 'C:/Users/s3081701/Dropbox/Diplomarbeit/XilinxProjects/Reconfig_Adders/Reconfig_Adders.runs/child_7_impl_1/.Xil/Vivado-11148-cfaed-pdpc004/dcp9/RCA_Adder.edf' cannot be added to the project because it already exists in the project, skipping this file
INFO: [Netlist 29-17] Analyzing 15 Unisim elements for replacement
INFO: [Netlist 29-28] Unisim Transformation completed in 0 CPU seconds
INFO: [Project 1-479] Netlist was created with Vivado 2017.1
INFO: [Device 21-403] Loading part xc7vx485tffg1761-2
INFO: [Project 1-570] Preparing netlist for logic optimization
Parsing XDC File [C:/Users/s3081701/Dropbox/Diplomarbeit/XilinxProjects/Reconfig_Adders/Reconfig_Adders.runs/child_7_impl_1/.Xil/Vivado-11148-cfaed-pdpc004/dcp7/top.xdc]
INFO: [Constraints 18-483] create_clock: no pin(s)/port(s)/net(s) specified as objects, only virtual clock 'clk' will be created. If you don't want this, please specify pin(s)/ports(s)/net(s) as objects to the command. [C:/Users/s3081701/Dropbox/Diplomarbeit/XilinxProjects/Reconfig_Adders/Reconfig_Adders.srcs/constrs_1/imports/new/timing_constraints.xdc:2]
WARNING: [Vivado 12-4324] set_units: option 'digits' is deprecated, which may be removed from future release of software. [C:/Users/s3081701/Dropbox/Diplomarbeit/XilinxProjects/Reconfig_Adders/Reconfig_Adders.srcs/constrs_1/imports/new/timing_constraints.xdc:6]
INFO: [Timing 38-35] Done setting XDC timing constraints. [C:/Users/s3081701/Dropbox/Diplomarbeit/XilinxProjects/Reconfig_Adders/Reconfig_Adders.srcs/constrs_1/imports/new/timing_constraints.xdc:6]
set_units: Time (s): cpu = 00:00:14 ; elapsed = 00:00:14 . Memory (MB): peak = 1289.367 ; gain = 607.027
Finished Parsing XDC File [C:/Users/s3081701/Dropbox/Diplomarbeit/XilinxProjects/Reconfig_Adders/Reconfig_Adders.runs/child_7_impl_1/.Xil/Vivado-11148-cfaed-pdpc004/dcp7/top.xdc]
Reading XDEF placement.
Reading placer database...
Reading XDEF routing.
Read XDEF File: Time (s): cpu = 00:00:00 ; elapsed = 00:00:00.098 . Memory (MB): peak = 1289.367 ; gain = 0.000
Restored from archive | CPU: 0.000000 secs | Memory: 0.000000 MB |
Finished XDEF File Restore: Time (s): cpu = 00:00:00 ; elapsed = 00:00:00.098 . Memory (MB): peak = 1289.367 ; gain = 0.000
INFO: [Opt 31-138] Pushed 0 inverter(s) to 0 load pin(s).
INFO: [Project 1-111] Unisim Transformation Summary:
  A total of 6 instances were transformed.
  LUT6_2 => LUT6_2 (LUT5, LUT6): 6 instances

link_design: Time (s): cpu = 00:00:28 ; elapsed = 00:00:34 . Memory (MB): peak = 1289.367 ; gain = 1025.672
Command: opt_design
Attempting to get a license for feature 'Implementation' and/or device 'xc7vx485t-ffg1761'
INFO: [Common 17-349] Got license for feature 'Implementation' and/or device 'xc7vx485t-ffg1761'
INFO: [Common 17-1223] The version limit for your license is '2017.12' and will expire in -59 days. A version limit expiration means that, although you may be able to continue to use the current version of tools or IP with this license, you will not be eligible for any updates or new releases.
Attempting to get a license: PartialReconfiguration
INFO: [Common 17-1223] The version limit for your license is '2017.12' and will expire in -59 days. A version limit expiration means that, although you may be able to continue to use the current version of tools or IP with this license, you will not be eligible for any updates or new releases.
Feature available: PartialReconfiguration
Running DRC as a precondition to command opt_design

Starting DRC Task
Command: report_drc (run_mandatory_drcs) for: opt_checks
INFO: [DRC 23-27] Running DRC with 2 threads
report_drc (run_mandatory_drcs) completed successfully
INFO: [Project 1-461] DRC finished with 0 Errors
INFO: [Project 1-462] Please refer to the DRC report (report_drc) for more information.

Time (s): cpu = 00:00:01 ; elapsed = 00:00:00.422 . Memory (MB): peak = 1289.367 ; gain = 0.000
INFO: [Constraints 18-483] create_clock: no pin(s)/port(s)/net(s) specified as objects, only virtual clock 'clk' will be created. If you don't want this, please specify pin(s)/ports(s)/net(s) as objects to the command. [C:/Users/s3081701/Dropbox/Diplomarbeit/XilinxProjects/Reconfig_Adders/Reconfig_Adders.srcs/constrs_1/imports/new/timing_constraints.xdc:2]
INFO: [Timing 38-35] Done setting XDC timing constraints.

Starting Logic Optimization Task

Phase 1 Retarget
INFO: [Opt 31-138] Pushed 0 inverter(s) to 0 load pin(s).
INFO: [Opt 31-49] Retargeted 0 cell(s).
Phase 1 Retarget | Checksum: 1196245a9

Time (s): cpu = 00:00:00 ; elapsed = 00:00:00.006 . Memory (MB): peak = 1289.367 ; gain = 0.000
INFO: [Opt 31-389] Phase Retarget created 0 cells and removed 0 cells

Phase 2 Constant propagation
INFO: [Opt 31-138] Pushed 0 inverter(s) to 0 load pin(s).
Phase 2 Constant propagation | Checksum: 1196245a9

Time (s): cpu = 00:00:00 ; elapsed = 00:00:00.007 . Memory (MB): peak = 1289.367 ; gain = 0.000
INFO: [Opt 31-389] Phase Constant propagation created 0 cells and removed 0 cells

Phase 3 Sweep
Phase 3 Sweep | Checksum: f161a436

Time (s): cpu = 00:00:00 ; elapsed = 00:00:00.010 . Memory (MB): peak = 1289.367 ; gain = 0.000
INFO: [Opt 31-389] Phase Sweep created 0 cells and removed 0 cells

Phase 4 BUFG optimization
Phase 4 BUFG optimization | Checksum: f161a436

Time (s): cpu = 00:00:00 ; elapsed = 00:00:00.012 . Memory (MB): peak = 1289.367 ; gain = 0.000
INFO: [Opt 31-389] Phase BUFG optimization created 0 cells and removed 0 cells

Phase 5 Shift Register Optimization
Phase 5 Shift Register Optimization | Checksum: f161a436

Time (s): cpu = 00:00:00 ; elapsed = 00:00:00.013 . Memory (MB): peak = 1289.367 ; gain = 0.000
INFO: [Opt 31-389] Phase Shift Register Optimization created 0 cells and removed 0 cells

Starting Connectivity Check Task

Time (s): cpu = 00:00:00 ; elapsed = 00:00:00 . Memory (MB): peak = 1289.367 ; gain = 0.000
Ending Logic Optimization Task | Checksum: f161a436

Time (s): cpu = 00:00:00 ; elapsed = 00:00:00.015 . Memory (MB): peak = 1289.367 ; gain = 0.000

Starting Power Optimization Task
INFO: [Pwropt 34-132] Skipping clock gating for clocks with a period < 2.00 ns.
Ending Power Optimization Task | Checksum: 2024438e3

Time (s): cpu = 00:00:00 ; elapsed = 00:00:00.006 . Memory (MB): peak = 1289.367 ; gain = 0.000
27 Infos, 2 Warnings, 0 Critical Warnings and 0 Errors encountered.
opt_design completed successfully
opt_design: Time (s): cpu = 00:00:01 ; elapsed = 00:00:12 . Memory (MB): peak = 1289.367 ; gain = 0.000
Writing placer database...
Writing XDEF routing.
Writing XDEF routing logical nets.
Writing XDEF routing special nets.
Write XDEF Complete: Time (s): cpu = 00:00:00 ; elapsed = 00:00:00.119 . Memory (MB): peak = 1289.367 ; gain = 0.000
INFO: [Common 17-1381] The checkpoint 'C:/Users/s3081701/Dropbox/Diplomarbeit/XilinxProjects/Reconfig_Adders/Reconfig_Adders.runs/child_7_impl_1/top_opt.dcp' has been generated.
Command: report_drc -file top_drc_opted.rpt
INFO: [DRC 23-27] Running DRC with 2 threads
INFO: [Coretcl 2-168] The results of DRC are in file C:/Users/s3081701/Dropbox/Diplomarbeit/XilinxProjects/Reconfig_Adders/Reconfig_Adders.runs/child_7_impl_1/top_drc_opted.rpt.
report_drc completed successfully
INFO: [Chipscope 16-241] No debug cores found in the current design.
Before running the implement_debug_core command, either use the Set Up Debug wizard (GUI mode)
or use the create_debug_core and connect_debug_core Tcl commands to insert debug cores into the design.
Command: place_design
Attempting to get a license for feature 'Implementation' and/or device 'xc7vx485t-ffg1761'
INFO: [Common 17-349] Got license for feature 'Implementation' and/or device 'xc7vx485t-ffg1761'
INFO: [Common 17-1223] The version limit for your license is '2017.12' and will expire in -59 days. A version limit expiration means that, although you may be able to continue to use the current version of tools or IP with this license, you will not be eligible for any updates or new releases.
Command: report_drc (run_mandatory_drcs) for: incr_eco_checks
INFO: [DRC 23-27] Running DRC with 2 threads
report_drc (run_mandatory_drcs) completed successfully
INFO: [Vivado_Tcl 4-198] DRC finished with 0 Errors
INFO: [Vivado_Tcl 4-199] Please refer to the DRC report (report_drc) for more information.
Running DRC as a precondition to command place_design
Command: report_drc (run_mandatory_drcs) for: placer_checks
INFO: [DRC 23-27] Running DRC with 2 threads
report_drc (run_mandatory_drcs) completed successfully
INFO: [Vivado_Tcl 4-198] DRC finished with 0 Errors
INFO: [Vivado_Tcl 4-199] Please refer to the DRC report (report_drc) for more information.

Starting Placer Task
INFO: [Place 30-611] Multithreading enabled for place_design using a maximum of 2 CPUs

Phase 1 Placer Initialization

Phase 1.1 Placer Initialization Netlist Sorting
Netlist sorting complete. Time (s): cpu = 00:00:00 ; elapsed = 00:00:00 . Memory (MB): peak = 1289.367 ; gain = 0.000
Phase 1.1 Placer Initialization Netlist Sorting | Checksum: 11e1e39a2

Time (s): cpu = 00:00:00 ; elapsed = 00:00:00.005 . Memory (MB): peak = 1289.367 ; gain = 0.000
INFO: [Constraints 18-483] create_clock: no pin(s)/port(s)/net(s) specified as objects, only virtual clock 'clk' will be created. If you don't want this, please specify pin(s)/ports(s)/net(s) as objects to the command. [C:/Users/s3081701/Dropbox/Diplomarbeit/XilinxProjects/Reconfig_Adders/Reconfig_Adders.srcs/constrs_1/imports/new/timing_constraints.xdc:2]
INFO: [Timing 38-35] Done setting XDC timing constraints.
INFO: [Opt 31-138] Pushed 0 inverter(s) to 0 load pin(s).
Netlist sorting complete. Time (s): cpu = 00:00:00 ; elapsed = 00:00:00 . Memory (MB): peak = 1289.367 ; gain = 0.000

Phase 1.2 IO Placement/ Clock Placement/ Build Placer Device
INFO: [Constraints 18-483] create_clock: no pin(s)/port(s)/net(s) specified as objects, only virtual clock 'clk' will be created. If you don't want this, please specify pin(s)/ports(s)/net(s) as objects to the command. [C:/Users/s3081701/Dropbox/Diplomarbeit/XilinxProjects/Reconfig_Adders/Reconfig_Adders.srcs/constrs_1/imports/new/timing_constraints.xdc:2]
INFO: [Timing 38-35] Done setting XDC timing constraints.
Phase 1.2 IO Placement/ Clock Placement/ Build Placer Device | Checksum: 11e1e39a2

Time (s): cpu = 00:00:02 ; elapsed = 00:00:02 . Memory (MB): peak = 1297.750 ; gain = 8.383

Phase 1.3 Build Placer Netlist Model
Phase 1.3 Build Placer Netlist Model | Checksum: 17bba5db1

Time (s): cpu = 00:00:02 ; elapsed = 00:00:02 . Memory (MB): peak = 1302.449 ; gain = 13.082

Phase 1.4 Constrain Clocks/Macros
Phase 1.4 Constrain Clocks/Macros | Checksum: 17bba5db1

Time (s): cpu = 00:00:02 ; elapsed = 00:00:02 . Memory (MB): peak = 1302.449 ; gain = 13.082
Phase 1 Placer Initialization | Checksum: 17bba5db1

Time (s): cpu = 00:00:02 ; elapsed = 00:00:02 . Memory (MB): peak = 1302.449 ; gain = 13.082

Phase 2 Global Placement
Phase 2 Global Placement | Checksum: 1a72913b0

Time (s): cpu = 00:00:03 ; elapsed = 00:00:02 . Memory (MB): peak = 1302.449 ; gain = 13.082

Phase 3 Detail Placement

Phase 3.1 Commit Multi Column Macros
Phase 3.1 Commit Multi Column Macros | Checksum: 1a72913b0

Time (s): cpu = 00:00:03 ; elapsed = 00:00:02 . Memory (MB): peak = 1302.449 ; gain = 13.082

Phase 3.2 Commit Most Macros & LUTRAMs
Phase 3.2 Commit Most Macros & LUTRAMs | Checksum: 1412670cd

Time (s): cpu = 00:00:03 ; elapsed = 00:00:02 . Memory (MB): peak = 1302.449 ; gain = 13.082

Phase 3.3 Area Swap Optimization
Phase 3.3 Area Swap Optimization | Checksum: 1e7c00c46

Time (s): cpu = 00:00:03 ; elapsed = 00:00:02 . Memory (MB): peak = 1302.449 ; gain = 13.082

Phase 3.4 Pipeline Register Optimization
Phase 3.4 Pipeline Register Optimization | Checksum: 1e7c00c46

Time (s): cpu = 00:00:03 ; elapsed = 00:00:02 . Memory (MB): peak = 1302.449 ; gain = 13.082

Phase 3.5 Timing Path Optimizer
Phase 3.5 Timing Path Optimizer | Checksum: 1e7c00c46

Time (s): cpu = 00:00:03 ; elapsed = 00:00:02 . Memory (MB): peak = 1302.449 ; gain = 13.082

Phase 3.6 Fast Optimization
Phase 3.6 Fast Optimization | Checksum: 1e7c00c46

Time (s): cpu = 00:00:03 ; elapsed = 00:00:02 . Memory (MB): peak = 1302.449 ; gain = 13.082

Phase 3.7 Small Shape Detail Placement
Phase 3.7 Small Shape Detail Placement | Checksum: 199a309ee

Time (s): cpu = 00:00:04 ; elapsed = 00:00:03 . Memory (MB): peak = 1331.133 ; gain = 41.766

Phase 3.8 Re-assign LUT pins
Phase 3.8 Re-assign LUT pins | Checksum: 199a309ee

Time (s): cpu = 00:00:04 ; elapsed = 00:00:03 . Memory (MB): peak = 1331.133 ; gain = 41.766

Phase 3.9 Pipeline Register Optimization
Phase 3.9 Pipeline Register Optimization | Checksum: 199a309ee

Time (s): cpu = 00:00:04 ; elapsed = 00:00:03 . Memory (MB): peak = 1331.133 ; gain = 41.766

Phase 3.10 Fast Optimization
Phase 3.10 Fast Optimization | Checksum: 199a309ee

Time (s): cpu = 00:00:04 ; elapsed = 00:00:03 . Memory (MB): peak = 1331.133 ; gain = 41.766
Phase 3 Detail Placement | Checksum: 199a309ee

Time (s): cpu = 00:00:04 ; elapsed = 00:00:03 . Memory (MB): peak = 1331.133 ; gain = 41.766

Phase 4 Post Placement Optimization and Clean-Up

Phase 4.1 Post Commit Optimization
INFO: [Constraints 18-483] create_clock: no pin(s)/port(s)/net(s) specified as objects, only virtual clock 'clk' will be created. If you don't want this, please specify pin(s)/ports(s)/net(s) as objects to the command. [C:/Users/s3081701/Dropbox/Diplomarbeit/XilinxProjects/Reconfig_Adders/Reconfig_Adders.srcs/constrs_1/imports/new/timing_constraints.xdc:2]
INFO: [Timing 38-35] Done setting XDC timing constraints.

Phase 4.1.1 Post Placement Optimization
Post Placement Optimization Initialization | Checksum: 17388eeea

Phase 4.1.1.1 BUFG Insertion
INFO: [Physopt 32-721] Multithreading enabled for phys_opt_design using a maximum of 2 CPUs
INFO: [Place 46-41] BUFG insertion identified 0 candidate nets, 0 success, 0 skipped for placement/routing, 0 skipped for timing, 0 skipped for netlist change reason.
Phase 4.1.1.1 BUFG Insertion | Checksum: 17388eeea

Time (s): cpu = 00:00:04 ; elapsed = 00:00:03 . Memory (MB): peak = 1360.988 ; gain = 71.621
INFO: [Place 30-746] Post Placement Timing Summary WNS=0.117. For the most accurate timing information please run report_timing.
Phase 4.1.1 Post Placement Optimization | Checksum: 19021c5c6

Time (s): cpu = 00:00:04 ; elapsed = 00:00:03 . Memory (MB): peak = 1360.988 ; gain = 71.621
Phase 4.1 Post Commit Optimization | Checksum: 19021c5c6

Time (s): cpu = 00:00:04 ; elapsed = 00:00:03 . Memory (MB): peak = 1360.988 ; gain = 71.621

Phase 4.2 Post Placement Cleanup
Phase 4.2 Post Placement Cleanup | Checksum: 19021c5c6

Time (s): cpu = 00:00:04 ; elapsed = 00:00:03 . Memory (MB): peak = 1360.988 ; gain = 71.621

Phase 4.3 Placer Reporting
Phase 4.3 Placer Reporting | Checksum: 1d7f95c30

Time (s): cpu = 00:00:04 ; elapsed = 00:00:03 . Memory (MB): peak = 1360.988 ; gain = 71.621

Phase 4.4 Final Placement Cleanup
Phase 4.4 Final Placement Cleanup | Checksum: 1d7f95c30

Time (s): cpu = 00:00:04 ; elapsed = 00:00:03 . Memory (MB): peak = 1360.988 ; gain = 71.621
Phase 4 Post Placement Optimization and Clean-Up | Checksum: 1d7f95c30

Time (s): cpu = 00:00:04 ; elapsed = 00:00:03 . Memory (MB): peak = 1360.988 ; gain = 71.621
Ending Placer Task | Checksum: 163f3957c

Time (s): cpu = 00:00:04 ; elapsed = 00:00:03 . Memory (MB): peak = 1360.988 ; gain = 71.621
50 Infos, 2 Warnings, 0 Critical Warnings and 0 Errors encountered.
place_design completed successfully
place_design: Time (s): cpu = 00:00:05 ; elapsed = 00:00:08 . Memory (MB): peak = 1360.988 ; gain = 71.621
Writing placer database...
Writing XDEF routing.
Writing XDEF routing logical nets.
Writing XDEF routing special nets.
Write XDEF Complete: Time (s): cpu = 00:00:00 ; elapsed = 00:00:00.118 . Memory (MB): peak = 1360.988 ; gain = 0.000
INFO: [Common 17-1381] The checkpoint 'C:/Users/s3081701/Dropbox/Diplomarbeit/XilinxProjects/Reconfig_Adders/Reconfig_Adders.runs/child_7_impl_1/top_placed.dcp' has been generated.
report_io: Time (s): cpu = 00:00:01 ; elapsed = 00:00:00.164 . Memory (MB): peak = 1360.988 ; gain = 0.000
report_utilization: Time (s): cpu = 00:00:00 ; elapsed = 00:00:00.752 . Memory (MB): peak = 1360.988 ; gain = 0.000
report_control_sets: Time (s): cpu = 00:00:00 ; elapsed = 00:00:00.001 . Memory (MB): peak = 1360.988 ; gain = 0.000
Command: route_design
Attempting to get a license for feature 'Implementation' and/or device 'xc7vx485t-ffg1761'
INFO: [Common 17-349] Got license for feature 'Implementation' and/or device 'xc7vx485t-ffg1761'
INFO: [Common 17-1223] The version limit for your license is '2017.12' and will expire in -59 days. A version limit expiration means that, although you may be able to continue to use the current version of tools or IP with this license, you will not be eligible for any updates or new releases.
Running DRC as a precondition to command route_design
Command: report_drc (run_mandatory_drcs) for: router_checks
INFO: [DRC 23-27] Running DRC with 2 threads
report_drc (run_mandatory_drcs) completed successfully
INFO: [Vivado_Tcl 4-198] DRC finished with 0 Errors
INFO: [Vivado_Tcl 4-199] Please refer to the DRC report (report_drc) for more information.


Starting Routing Task
INFO: [Route 35-254] Multithreading enabled for route_design using a maximum of 2 CPUs
Checksum: PlaceDB: 25b3c0d1 ConstDB: 0 ShapeSum: f6683e41 RouteDB: 47d7966a

Phase 1 Build RT Design
Phase 1 Build RT Design | Checksum: 113b81b69

Time (s): cpu = 00:00:48 ; elapsed = 00:00:31 . Memory (MB): peak = 1735.520 ; gain = 374.531

Phase 2 Router Initialization

Phase 2.1 Create Timer
Phase 2.1 Create Timer | Checksum: da6e3f3d

Time (s): cpu = 00:00:48 ; elapsed = 00:00:31 . Memory (MB): peak = 1735.520 ; gain = 374.531

Phase 2.2 Fix Topology Constraints
Phase 2.2 Fix Topology Constraints | Checksum: da6e3f3d

Time (s): cpu = 00:00:48 ; elapsed = 00:00:31 . Memory (MB): peak = 1735.520 ; gain = 374.531

Phase 2.3 Pre Route Cleanup
Phase 2.3 Pre Route Cleanup | Checksum: da6e3f3d

Time (s): cpu = 00:00:48 ; elapsed = 00:00:31 . Memory (MB): peak = 1735.520 ; gain = 374.531
 Number of Nodes with overlaps = 0

Phase 2.4 Update Timing
Phase 2.4 Update Timing | Checksum: f9b1154e

Time (s): cpu = 00:00:49 ; elapsed = 00:00:32 . Memory (MB): peak = 1742.355 ; gain = 381.367
INFO: [Route 35-416] Intermediate Timing Summary | WNS=0.350  | TNS=0.000  | WHS=N/A    | THS=N/A    |

Phase 2 Router Initialization | Checksum: 11e28c9c2

Time (s): cpu = 00:00:49 ; elapsed = 00:00:32 . Memory (MB): peak = 1742.355 ; gain = 381.367

Phase 3 Initial Routing
Phase 3 Initial Routing | Checksum: 21c8154ba

Time (s): cpu = 00:00:50 ; elapsed = 00:00:32 . Memory (MB): peak = 1749.484 ; gain = 388.496

Phase 4 Rip-up And Reroute

Phase 4.1 Global Iteration 0
 Number of Nodes with overlaps = 1
 Number of Nodes with overlaps = 0
INFO: [Route 35-416] Intermediate Timing Summary | WNS=0.354  | TNS=0.000  | WHS=N/A    | THS=N/A    |

Phase 4.1 Global Iteration 0 | Checksum: 139f97c90

Time (s): cpu = 00:00:50 ; elapsed = 00:00:32 . Memory (MB): peak = 1749.484 ; gain = 388.496
Phase 4 Rip-up And Reroute | Checksum: 139f97c90

Time (s): cpu = 00:00:50 ; elapsed = 00:00:32 . Memory (MB): peak = 1749.484 ; gain = 388.496

Phase 5 Delay and Skew Optimization

Phase 5.1 Delay CleanUp
Phase 5.1 Delay CleanUp | Checksum: 139f97c90

Time (s): cpu = 00:00:50 ; elapsed = 00:00:32 . Memory (MB): peak = 1749.484 ; gain = 388.496

Phase 5.2 Clock Skew Optimization
Phase 5.2 Clock Skew Optimization | Checksum: 139f97c90

Time (s): cpu = 00:00:50 ; elapsed = 00:00:32 . Memory (MB): peak = 1749.484 ; gain = 388.496
Phase 5 Delay and Skew Optimization | Checksum: 139f97c90

Time (s): cpu = 00:00:50 ; elapsed = 00:00:32 . Memory (MB): peak = 1749.484 ; gain = 388.496

Phase 6 Post Hold Fix

Phase 6.1 Hold Fix Iter

Phase 6.1.1 Update Timing
Phase 6.1.1 Update Timing | Checksum: 139f97c90

Time (s): cpu = 00:00:50 ; elapsed = 00:00:32 . Memory (MB): peak = 1749.484 ; gain = 388.496
INFO: [Route 35-416] Intermediate Timing Summary | WNS=0.354  | TNS=0.000  | WHS=N/A    | THS=N/A    |

Phase 6.1 Hold Fix Iter | Checksum: 139f97c90

Time (s): cpu = 00:00:50 ; elapsed = 00:00:32 . Memory (MB): peak = 1749.484 ; gain = 388.496
Phase 6 Post Hold Fix | Checksum: 139f97c90

Time (s): cpu = 00:00:50 ; elapsed = 00:00:32 . Memory (MB): peak = 1749.484 ; gain = 388.496

Phase 7 Route finalize

Router Utilization Summary
  Global Vertical Routing Utilization    = 0.00251947 %
  Global Horizontal Routing Utilization  = 0.00067852 %
  Routable Net Status*
  *Does not include unroutable nets such as driverless and loadless.
  Run report_route_status for detailed report.
  Number of Failed Nets               = 0
  Number of Unrouted Nets             = 0
  Number of Partially Routed Nets     = 0
  Number of Node Overlaps             = 0

Phase 7 Route finalize | Checksum: 1f601d6d2

Time (s): cpu = 00:00:50 ; elapsed = 00:00:33 . Memory (MB): peak = 1749.484 ; gain = 388.496

Phase 8 Verifying routed nets

 Verification completed successfully
Phase 8 Verifying routed nets | Checksum: 1f601d6d2

Time (s): cpu = 00:00:50 ; elapsed = 00:00:33 . Memory (MB): peak = 1749.484 ; gain = 388.496

Phase 9 Depositing Routes
Phase 9 Depositing Routes | Checksum: 1f601d6d2

Time (s): cpu = 00:00:50 ; elapsed = 00:00:33 . Memory (MB): peak = 1749.484 ; gain = 388.496

Phase 10 Post Router Timing
INFO: [Route 35-57] Estimated Timing Summary | WNS=0.354  | TNS=0.000  | WHS=N/A    | THS=N/A    |

INFO: [Route 35-327] The final timing numbers are based on the router estimated timing analysis. For a complete and accurate timing signoff, please run report_timing_summary.
Phase 10 Post Router Timing | Checksum: 1f601d6d2

Time (s): cpu = 00:00:51 ; elapsed = 00:00:33 . Memory (MB): peak = 1749.484 ; gain = 388.496
INFO: [Route 35-16] Router Completed Successfully

Time (s): cpu = 00:00:51 ; elapsed = 00:00:33 . Memory (MB): peak = 1749.484 ; gain = 388.496

Routing Is Done.
63 Infos, 2 Warnings, 0 Critical Warnings and 0 Errors encountered.
route_design completed successfully
route_design: Time (s): cpu = 00:00:53 ; elapsed = 00:00:38 . Memory (MB): peak = 1749.484 ; gain = 388.496
Writing placer database...
Writing XDEF routing.
Writing XDEF routing logical nets.
Writing XDEF routing special nets.
Write XDEF Complete: Time (s): cpu = 00:00:00 ; elapsed = 00:00:00.110 . Memory (MB): peak = 1749.484 ; gain = 0.000
INFO: [Common 17-1381] The checkpoint 'C:/Users/s3081701/Dropbox/Diplomarbeit/XilinxProjects/Reconfig_Adders/Reconfig_Adders.runs/child_7_impl_1/top_routed.dcp' has been generated.
Command: report_drc -file top_drc_routed.rpt -pb top_drc_routed.pb -rpx top_drc_routed.rpx
INFO: [DRC 23-27] Running DRC with 2 threads
INFO: [Coretcl 2-168] The results of DRC are in file C:/Users/s3081701/Dropbox/Diplomarbeit/XilinxProjects/Reconfig_Adders/Reconfig_Adders.runs/child_7_impl_1/top_drc_routed.rpt.
report_drc completed successfully
Command: report_methodology -file top_methodology_drc_routed.rpt -rpx top_methodology_drc_routed.rpx
INFO: [Constraints 18-483] create_clock: no pin(s)/port(s)/net(s) specified as objects, only virtual clock 'clk' will be created. If you don't want this, please specify pin(s)/ports(s)/net(s) as objects to the command. [C:/Users/s3081701/Dropbox/Diplomarbeit/XilinxProjects/Reconfig_Adders/Reconfig_Adders.srcs/constrs_1/imports/new/timing_constraints.xdc:2]
INFO: [Timing 38-35] Done setting XDC timing constraints.
INFO: [DRC 23-133] Running Methodology with 2 threads
INFO: [Coretcl 2-1520] The results of Report Methodology are in file C:/Users/s3081701/Dropbox/Diplomarbeit/XilinxProjects/Reconfig_Adders/Reconfig_Adders.runs/child_7_impl_1/top_methodology_drc_routed.rpt.
report_methodology completed successfully
Command: report_power -file top_power_routed.rpt -pb top_power_summary_routed.pb -rpx top_power_routed.rpx
INFO: [Constraints 18-483] create_clock: no pin(s)/port(s)/net(s) specified as objects, only virtual clock 'clk' will be created. If you don't want this, please specify pin(s)/ports(s)/net(s) as objects to the command. [C:/Users/s3081701/Dropbox/Diplomarbeit/XilinxProjects/Reconfig_Adders/Reconfig_Adders.srcs/constrs_1/imports/new/timing_constraints.xdc:2]
INFO: [Timing 38-35] Done setting XDC timing constraints.
Running Vector-less Activity Propagation...

Finished Running Vector-less Activity Propagation
72 Infos, 2 Warnings, 0 Critical Warnings and 0 Errors encountered.
report_power completed successfully
INFO: [Timing 38-91] UpdateTimingParams: Speed grade: -2, Delay Type: min_max.
INFO: [Timing 38-191] Multithreading enabled for timing update using a maximum of 2 CPUs
Writing placer database...
Writing XDEF routing.
Writing XDEF routing logical nets.
Writing XDEF routing special nets.
Write XDEF Complete: Time (s): cpu = 00:00:00 ; elapsed = 00:00:00.126 . Memory (MB): peak = 1749.484 ; gain = 0.000
INFO: [Common 17-1381] The checkpoint 'C:/Users/s3081701/Dropbox/Diplomarbeit/XilinxProjects/Reconfig_Adders/Reconfig_Adders.runs/child_7_impl_1/ReConfig_Four_Bit_RCA_LUT_routed.dcp' has been generated.
INFO: [Common 17-206] Exiting Vivado at Wed Feb 28 12:08:53 2018...

*** Running vivado
    with args -log top.vdi -applog -m64 -product Vivado -messageDb vivado.pb -mode batch -source top.tcl -notrace


****** Vivado v2017.1 (64-bit)
  **** SW Build 1846317 on Fri Apr 14 18:55:03 MDT 2017
  **** IP Build 1846188 on Fri Apr 14 20:52:08 MDT 2017
    ** Copyright 1986-2017 Xilinx, Inc. All Rights Reserved.

source top.tcl -notrace
Command: pr_verify -full_check -initial C:/Users/s3081701/Dropbox/Diplomarbeit/XilinxProjects/Reconfig_Adders/Reconfig_Adders.runs/impl_1/top_routed.dcp -additional C:/Users/s3081701/Dropbox/Diplomarbeit/XilinxProjects/Reconfig_Adders/Reconfig_Adders.runs/child_7_impl_1/top_routed.dcp -file child_7_impl_1_pr_verify.log
INFO: [Netlist 29-17] Analyzing 18 Unisim elements for replacement
INFO: [Netlist 29-28] Unisim Transformation completed in 0 CPU seconds
INFO: [Project 1-479] Netlist was created with Vivado 2017.1
INFO: [Device 21-403] Loading part xc7vx485tffg1761-2
INFO: [Project 1-570] Preparing netlist for logic optimization
Parsing XDC File [C:/Users/s3081701/Dropbox/Diplomarbeit/XilinxProjects/Reconfig_Adders/Reconfig_Adders.runs/child_7_impl_1/.Xil/Vivado-8272-cfaed-pdpc004/dcp3/top.xdc]
WARNING: [Vivado 12-4324] set_units: option 'digits' is deprecated, which may be removed from future release of software. [C:/Users/s3081701/Dropbox/Diplomarbeit/XilinxProjects/Reconfig_Adders/Reconfig_Adders.srcs/constrs_1/imports/new/timing_constraints.xdc:6]
INFO: [Timing 38-35] Done setting XDC timing constraints. [C:/Users/s3081701/Dropbox/Diplomarbeit/XilinxProjects/Reconfig_Adders/Reconfig_Adders.srcs/constrs_1/imports/new/timing_constraints.xdc:6]
WARNING: [Power 33-232] No user defined clocks were found in the design! [C:/Users/s3081701/Dropbox/Diplomarbeit/XilinxProjects/Reconfig_Adders/Reconfig_Adders.srcs/constrs_1/imports/new/timing_constraints.xdc:6]
Resolution: Please specify clocks using create_clock/create_generated_clock for sequential elements. For pure combinatorial circuits, please specify a virtual clock, otherwise the vectorless estimation might be inaccurate
set_units: Time (s): cpu = 00:00:14 ; elapsed = 00:00:15 . Memory (MB): peak = 1278.637 ; gain = 615.094
Finished Parsing XDC File [C:/Users/s3081701/Dropbox/Diplomarbeit/XilinxProjects/Reconfig_Adders/Reconfig_Adders.runs/child_7_impl_1/.Xil/Vivado-8272-cfaed-pdpc004/dcp3/top.xdc]
Reading XDEF placement.
Reading placer database...
Reading XDEF routing.
Read XDEF File: Time (s): cpu = 00:00:00 ; elapsed = 00:00:00.100 . Memory (MB): peak = 1278.637 ; gain = 0.000
Restored from archive | CPU: 0.000000 secs | Memory: 0.000000 MB |
Finished XDEF File Restore: Time (s): cpu = 00:00:00 ; elapsed = 00:00:00.100 . Memory (MB): peak = 1278.637 ; gain = 0.000
INFO: [Project 1-604] Checkpoint was created with Vivado v2017.1 (64-bit) build 1846317
INFO: [Vivado 12-3501] pr_verify C:/Users/s3081701/Dropbox/Diplomarbeit/XilinxProjects/Reconfig_Adders/Reconfig_Adders.runs/impl_1/top_routed.dcp C:/Users/s3081701/Dropbox/Diplomarbeit/XilinxProjects/Reconfig_Adders/Reconfig_Adders.runs/child_7_impl_1/top_routed.dcp
INFO: [Netlist 29-17] Analyzing 15 Unisim elements for replacement
INFO: [Netlist 29-28] Unisim Transformation completed in 0 CPU seconds
INFO: [Project 1-479] Netlist was created with Vivado 2017.1
INFO: [Project 1-570] Preparing netlist for logic optimization
Parsing XDC File [C:/Users/s3081701/Dropbox/Diplomarbeit/XilinxProjects/Reconfig_Adders/Reconfig_Adders.runs/child_7_impl_1/.Xil/Vivado-8272-cfaed-pdpc004/dcp7/top.xdc]
WARNING: [Vivado 12-4324] set_units: option 'digits' is deprecated, which may be removed from future release of software. [C:/Users/s3081701/Dropbox/Diplomarbeit/XilinxProjects/Reconfig_Adders/Reconfig_Adders.srcs/constrs_1/imports/new/timing_constraints.xdc:6]
INFO: [Timing 38-35] Done setting XDC timing constraints. [C:/Users/s3081701/Dropbox/Diplomarbeit/XilinxProjects/Reconfig_Adders/Reconfig_Adders.srcs/constrs_1/imports/new/timing_constraints.xdc:6]
WARNING: [Power 33-232] No user defined clocks were found in the design! [C:/Users/s3081701/Dropbox/Diplomarbeit/XilinxProjects/Reconfig_Adders/Reconfig_Adders.srcs/constrs_1/imports/new/timing_constraints.xdc:6]
Resolution: Please specify clocks using create_clock/create_generated_clock for sequential elements. For pure combinatorial circuits, please specify a virtual clock, otherwise the vectorless estimation might be inaccurate
Finished Parsing XDC File [C:/Users/s3081701/Dropbox/Diplomarbeit/XilinxProjects/Reconfig_Adders/Reconfig_Adders.runs/child_7_impl_1/.Xil/Vivado-8272-cfaed-pdpc004/dcp7/top.xdc]
Reading XDEF placement.
Reading placer database...
Reading XDEF routing.
Read XDEF File: Time (s): cpu = 00:00:00 ; elapsed = 00:00:00.105 . Memory (MB): peak = 1427.738 ; gain = 0.000
Restored from archive | CPU: 0.000000 secs | Memory: 0.000000 MB |
Finished XDEF File Restore: Time (s): cpu = 00:00:00 ; elapsed = 00:00:00.105 . Memory (MB): peak = 1427.738 ; gain = 0.000
INFO: [Project 1-604] Checkpoint was created with Vivado v2017.1 (64-bit) build 1846317
INFO: [Constraints 18-1020] PR Verify Summary:
DCP1: C:/Users/s3081701/Dropbox/Diplomarbeit/XilinxProjects/Reconfig_Adders/Reconfig_Adders.runs/impl_1/top_routed.dcp
  Number of reconfigurable modules compared = 1
  Number of partition pins compared         = 26
  Number of static tiles compared           = 969
  Number of static sites compared           = 17
  Number of static cells compared           = 17
  Number of static routed nodes compared    = 263
  Number of static routed pips compared     = 245

DCP2: C:/Users/s3081701/Dropbox/Diplomarbeit/XilinxProjects/Reconfig_Adders/Reconfig_Adders.runs/child_7_impl_1/top_routed.dcp
  Number of reconfigurable modules compared = 1
  Number of partition pins compared         = 26
  Number of static tiles compared           = 969
  Number of static sites compared           = 17
  Number of static cells compared           = 17
  Number of static routed nodes compared    = 263
  Number of static routed pips compared     = 245
INFO: [Vivado 12-3253] PR_VERIFY: check points C:/Users/s3081701/Dropbox/Diplomarbeit/XilinxProjects/Reconfig_Adders/Reconfig_Adders.runs/impl_1/top_routed.dcp and C:/Users/s3081701/Dropbox/Diplomarbeit/XilinxProjects/Reconfig_Adders/Reconfig_Adders.runs/child_7_impl_1/top_routed.dcp are compatible
pr_verify: Time (s): cpu = 00:00:31 ; elapsed = 00:00:37 . Memory (MB): peak = 1427.738 ; gain = 1208.320
Command: open_checkpoint top_routed.dcp

Starting open_checkpoint Task

Time (s): cpu = 00:00:00 ; elapsed = 00:00:00 . Memory (MB): peak = 1427.738 ; gain = 0.000
INFO: [Netlist 29-17] Analyzing 15 Unisim elements for replacement
INFO: [Netlist 29-28] Unisim Transformation completed in 0 CPU seconds
INFO: [Project 1-479] Netlist was created with Vivado 2017.1
INFO: [Project 1-570] Preparing netlist for logic optimization
Parsing XDC File [C:/Users/s3081701/Dropbox/Diplomarbeit/XilinxProjects/Reconfig_Adders/Reconfig_Adders.runs/child_7_impl_1/.Xil/Vivado-8272-cfaed-pdpc004/dcp11/top.xdc]
INFO: [Constraints 18-483] create_clock: no pin(s)/port(s)/net(s) specified as objects, only virtual clock 'clk' will be created. If you don't want this, please specify pin(s)/ports(s)/net(s) as objects to the command. [C:/Users/s3081701/Dropbox/Diplomarbeit/XilinxProjects/Reconfig_Adders/Reconfig_Adders.srcs/constrs_1/imports/new/timing_constraints.xdc:2]
WARNING: [Vivado 12-4324] set_units: option 'digits' is deprecated, which may be removed from future release of software. [C:/Users/s3081701/Dropbox/Diplomarbeit/XilinxProjects/Reconfig_Adders/Reconfig_Adders.srcs/constrs_1/imports/new/timing_constraints.xdc:6]
INFO: [Timing 38-35] Done setting XDC timing constraints. [C:/Users/s3081701/Dropbox/Diplomarbeit/XilinxProjects/Reconfig_Adders/Reconfig_Adders.srcs/constrs_1/imports/new/timing_constraints.xdc:6]
Finished Parsing XDC File [C:/Users/s3081701/Dropbox/Diplomarbeit/XilinxProjects/Reconfig_Adders/Reconfig_Adders.runs/child_7_impl_1/.Xil/Vivado-8272-cfaed-pdpc004/dcp11/top.xdc]
Reading XDEF placement.
Reading placer database...
Reading XDEF routing.
Read XDEF File: Time (s): cpu = 00:00:00 ; elapsed = 00:00:00.102 . Memory (MB): peak = 1427.738 ; gain = 0.000
Restored from archive | CPU: 0.000000 secs | Memory: 0.000000 MB |
Finished XDEF File Restore: Time (s): cpu = 00:00:00 ; elapsed = 00:00:00.103 . Memory (MB): peak = 1427.738 ; gain = 0.000
INFO: [Project 1-111] Unisim Transformation Summary:
  A total of 6 instances were transformed.
  LUT6_2 => LUT6_2 (LUT5, LUT6): 6 instances

INFO: [Project 1-604] Checkpoint was created with Vivado v2017.1 (64-bit) build 1846317
Command: write_bitstream -force -cell ReConfig ReConfig_Four_Bit_RCA_LUT_partial.bit
Attempting to get a license for feature 'Implementation' and/or device 'xc7vx485t-ffg1761'
INFO: [Common 17-349] Got license for feature 'Implementation' and/or device 'xc7vx485t-ffg1761'
INFO: [Common 17-1223] The version limit for your license is '2017.12' and will expire in -59 days. A version limit expiration means that, although you may be able to continue to use the current version of tools or IP with this license, you will not be eligible for any updates or new releases.
Attempting to get a license: PartialReconfiguration
INFO: [Common 17-1223] The version limit for your license is '2017.12' and will expire in -59 days. A version limit expiration means that, although you may be able to continue to use the current version of tools or IP with this license, you will not be eligible for any updates or new releases.
Feature available: PartialReconfiguration
Running DRC as a precondition to command write_bitstream
Command: report_drc (run_mandatory_drcs) for: bitstream_checks
INFO: [DRC 23-27] Running DRC with 2 threads
WARNING: [DRC CFGBVS-1] Missing CFGBVS and CONFIG_VOLTAGE Design Properties: Neither the CFGBVS nor CONFIG_VOLTAGE voltage property is set in the current_design.  Configuration bank voltage select (CFGBVS) must be set to VCCO or GND, and CONFIG_VOLTAGE must be set to the correct configuration voltage, in order to determine the I/O voltage support for the pins in bank 0.  It is suggested to specify these either using the 'Edit Device Properties' function in the GUI or directly in the XDC file using the following syntax:

 set_property CFGBVS value1 [current_design]
 #where value1 is either VCCO or GND

 set_property CONFIG_VOLTAGE value2 [current_design]
 #where value2 is the voltage provided to configuration bank 0

Refer to the device configuration user guide for more information.
WARNING: [DRC PDCN-1569] LUT equation term check: Used physical LUT pin 'A1' of cell ReConfig/s1/LUT5 is not included in the LUT equation: 'O5=0'. If this cell is a user instantiated LUT in the design, please remove connectivity to the pin or change the equation and/or INIT string of the LUT to prevent this issue. If the cell is inferred or IP created LUT, please regenerate the IP and/or resynthesize the design to attempt to correct the issue.
WARNING: [DRC PDCN-1569] LUT equation term check: Used physical LUT pin 'A1' of cell ReConfig/s1/LUT6 is not included in the LUT equation: 'O6=0'. If this cell is a user instantiated LUT in the design, please remove connectivity to the pin or change the equation and/or INIT string of the LUT to prevent this issue. If the cell is inferred or IP created LUT, please regenerate the IP and/or resynthesize the design to attempt to correct the issue.
WARNING: [DRC PDCN-1569] LUT equation term check: Used physical LUT pin 'A1' of cell ReConfig/s2/LUT5 is not included in the LUT equation: 'O5=0'. If this cell is a user instantiated LUT in the design, please remove connectivity to the pin or change the equation and/or INIT string of the LUT to prevent this issue. If the cell is inferred or IP created LUT, please regenerate the IP and/or resynthesize the design to attempt to correct the issue.
WARNING: [DRC PDCN-1569] LUT equation term check: Used physical LUT pin 'A1' of cell ReConfig/s2/LUT6 is not included in the LUT equation: 'O6=0'. If this cell is a user instantiated LUT in the design, please remove connectivity to the pin or change the equation and/or INIT string of the LUT to prevent this issue. If the cell is inferred or IP created LUT, please regenerate the IP and/or resynthesize the design to attempt to correct the issue.
WARNING: [DRC PDCN-1569] LUT equation term check: Used physical LUT pin 'A2' of cell ReConfig/s1/LUT5 is not included in the LUT equation: 'O5=0'. If this cell is a user instantiated LUT in the design, please remove connectivity to the pin or change the equation and/or INIT string of the LUT to prevent this issue. If the cell is inferred or IP created LUT, please regenerate the IP and/or resynthesize the design to attempt to correct the issue.
WARNING: [DRC PDCN-1569] LUT equation term check: Used physical LUT pin 'A2' of cell ReConfig/s1/LUT6 is not included in the LUT equation: 'O6=0'. If this cell is a user instantiated LUT in the design, please remove connectivity to the pin or change the equation and/or INIT string of the LUT to prevent this issue. If the cell is inferred or IP created LUT, please regenerate the IP and/or resynthesize the design to attempt to correct the issue.
WARNING: [DRC PDCN-1569] LUT equation term check: Used physical LUT pin 'A2' of cell ReConfig/s2/LUT5 is not included in the LUT equation: 'O5=0'. If this cell is a user instantiated LUT in the design, please remove connectivity to the pin or change the equation and/or INIT string of the LUT to prevent this issue. If the cell is inferred or IP created LUT, please regenerate the IP and/or resynthesize the design to attempt to correct the issue.
WARNING: [DRC PDCN-1569] LUT equation term check: Used physical LUT pin 'A2' of cell ReConfig/s2/LUT6 is not included in the LUT equation: 'O6=0'. If this cell is a user instantiated LUT in the design, please remove connectivity to the pin or change the equation and/or INIT string of the LUT to prevent this issue. If the cell is inferred or IP created LUT, please regenerate the IP and/or resynthesize the design to attempt to correct the issue.
WARNING: [DRC PDCN-1569] LUT equation term check: Used physical LUT pin 'A3' of cell ReConfig/genPG[0].PG/LUT5 is not included in the LUT equation: 'O5=(A1*(~A2))+((~A1)*A2)'. If this cell is a user instantiated LUT in the design, please remove connectivity to the pin or change the equation and/or INIT string of the LUT to prevent this issue. If the cell is inferred or IP created LUT, please regenerate the IP and/or resynthesize the design to attempt to correct the issue.
WARNING: [DRC PDCN-1569] LUT equation term check: Used physical LUT pin 'A3' of cell ReConfig/genPG[0].PG/LUT6 is not included in the LUT equation: 'O6=(A1*(~A2))+((~A1)*A2)'. If this cell is a user instantiated LUT in the design, please remove connectivity to the pin or change the equation and/or INIT string of the LUT to prevent this issue. If the cell is inferred or IP created LUT, please regenerate the IP and/or resynthesize the design to attempt to correct the issue.
WARNING: [DRC PDCN-1569] LUT equation term check: Used physical LUT pin 'A3' of cell ReConfig/genPG[1].PG/LUT5 is not included in the LUT equation: 'O5=(A1*(~A2))+((~A1)*A2)'. If this cell is a user instantiated LUT in the design, please remove connectivity to the pin or change the equation and/or INIT string of the LUT to prevent this issue. If the cell is inferred or IP created LUT, please regenerate the IP and/or resynthesize the design to attempt to correct the issue.
WARNING: [DRC PDCN-1569] LUT equation term check: Used physical LUT pin 'A3' of cell ReConfig/genPG[1].PG/LUT6 is not included in the LUT equation: 'O6=(A1*(~A2))+((~A1)*A2)'. If this cell is a user instantiated LUT in the design, please remove connectivity to the pin or change the equation and/or INIT string of the LUT to prevent this issue. If the cell is inferred or IP created LUT, please regenerate the IP and/or resynthesize the design to attempt to correct the issue.
WARNING: [DRC PDCN-1569] LUT equation term check: Used physical LUT pin 'A3' of cell ReConfig/genPG[2].PG/LUT5 is not included in the LUT equation: 'O5=(A1*(~A2))+((~A1)*A2)'. If this cell is a user instantiated LUT in the design, please remove connectivity to the pin or change the equation and/or INIT string of the LUT to prevent this issue. If the cell is inferred or IP created LUT, please regenerate the IP and/or resynthesize the design to attempt to correct the issue.
WARNING: [DRC PDCN-1569] LUT equation term check: Used physical LUT pin 'A3' of cell ReConfig/genPG[2].PG/LUT6 is not included in the LUT equation: 'O6=(A1*(~A2))+((~A1)*A2)'. If this cell is a user instantiated LUT in the design, please remove connectivity to the pin or change the equation and/or INIT string of the LUT to prevent this issue. If the cell is inferred or IP created LUT, please regenerate the IP and/or resynthesize the design to attempt to correct the issue.
WARNING: [DRC PDCN-1569] LUT equation term check: Used physical LUT pin 'A3' of cell ReConfig/genPG[3].PG/LUT5 is not included in the LUT equation: 'O5=(A1*(~A2))+((~A1)*A2)'. If this cell is a user instantiated LUT in the design, please remove connectivity to the pin or change the equation and/or INIT string of the LUT to prevent this issue. If the cell is inferred or IP created LUT, please regenerate the IP and/or resynthesize the design to attempt to correct the issue.
WARNING: [DRC PDCN-1569] LUT equation term check: Used physical LUT pin 'A3' of cell ReConfig/genPG[3].PG/LUT6 is not included in the LUT equation: 'O6=(A1*(~A2))+((~A1)*A2)'. If this cell is a user instantiated LUT in the design, please remove connectivity to the pin or change the equation and/or INIT string of the LUT to prevent this issue. If the cell is inferred or IP created LUT, please regenerate the IP and/or resynthesize the design to attempt to correct the issue.
WARNING: [DRC PDCN-1569] LUT equation term check: Used physical LUT pin 'A3' of cell ReConfig/s1/LUT5 is not included in the LUT equation: 'O5=0'. If this cell is a user instantiated LUT in the design, please remove connectivity to the pin or change the equation and/or INIT string of the LUT to prevent this issue. If the cell is inferred or IP created LUT, please regenerate the IP and/or resynthesize the design to attempt to correct the issue.
WARNING: [DRC PDCN-1569] LUT equation term check: Used physical LUT pin 'A3' of cell ReConfig/s1/LUT6 is not included in the LUT equation: 'O6=0'. If this cell is a user instantiated LUT in the design, please remove connectivity to the pin or change the equation and/or INIT string of the LUT to prevent this issue. If the cell is inferred or IP created LUT, please regenerate the IP and/or resynthesize the design to attempt to correct the issue.
WARNING: [DRC PDCN-1569] LUT equation term check: Used physical LUT pin 'A3' of cell ReConfig/s2/LUT5 is not included in the LUT equation: 'O5=0'. If this cell is a user instantiated LUT in the design, please remove connectivity to the pin or change the equation and/or INIT string of the LUT to prevent this issue. If the cell is inferred or IP created LUT, please regenerate the IP and/or resynthesize the design to attempt to correct the issue.
WARNING: [DRC PDCN-1569] LUT equation term check: Used physical LUT pin 'A3' of cell ReConfig/s2/LUT6 is not included in the LUT equation: 'O6=0'. If this cell is a user instantiated LUT in the design, please remove connectivity to the pin or change the equation and/or INIT string of the LUT to prevent this issue. If the cell is inferred or IP created LUT, please regenerate the IP and/or resynthesize the design to attempt to correct the issue.
WARNING: [DRC PDCN-1569] LUT equation term check: Used physical LUT pin 'A4' of cell ReConfig/genPG[0].PG/LUT5 is not included in the LUT equation: 'O5=(A1*(~A2))+((~A1)*A2)'. If this cell is a user instantiated LUT in the design, please remove connectivity to the pin or change the equation and/or INIT string of the LUT to prevent this issue. If the cell is inferred or IP created LUT, please regenerate the IP and/or resynthesize the design to attempt to correct the issue.
WARNING: [DRC PDCN-1569] LUT equation term check: Used physical LUT pin 'A4' of cell ReConfig/genPG[0].PG/LUT6 is not included in the LUT equation: 'O6=(A1*(~A2))+((~A1)*A2)'. If this cell is a user instantiated LUT in the design, please remove connectivity to the pin or change the equation and/or INIT string of the LUT to prevent this issue. If the cell is inferred or IP created LUT, please regenerate the IP and/or resynthesize the design to attempt to correct the issue.
WARNING: [DRC PDCN-1569] LUT equation term check: Used physical LUT pin 'A4' of cell ReConfig/genPG[1].PG/LUT5 is not included in the LUT equation: 'O5=(A1*(~A2))+((~A1)*A2)'. If this cell is a user instantiated LUT in the design, please remove connectivity to the pin or change the equation and/or INIT string of the LUT to prevent this issue. If the cell is inferred or IP created LUT, please regenerate the IP and/or resynthesize the design to attempt to correct the issue.
WARNING: [DRC PDCN-1569] LUT equation term check: Used physical LUT pin 'A4' of cell ReConfig/genPG[1].PG/LUT6 is not included in the LUT equation: 'O6=(A1*(~A2))+((~A1)*A2)'. If this cell is a user instantiated LUT in the design, please remove connectivity to the pin or change the equation and/or INIT string of the LUT to prevent this issue. If the cell is inferred or IP created LUT, please regenerate the IP and/or resynthesize the design to attempt to correct the issue.
WARNING: [DRC PDCN-1569] LUT equation term check: Used physical LUT pin 'A4' of cell ReConfig/genPG[2].PG/LUT5 is not included in the LUT equation: 'O5=(A1*(~A2))+((~A1)*A2)'. If this cell is a user instantiated LUT in the design, please remove connectivity to the pin or change the equation and/or INIT string of the LUT to prevent this issue. If the cell is inferred or IP created LUT, please regenerate the IP and/or resynthesize the design to attempt to correct the issue.
WARNING: [DRC PDCN-1569] LUT equation term check: Used physical LUT pin 'A4' of cell ReConfig/genPG[2].PG/LUT6 is not included in the LUT equation: 'O6=(A1*(~A2))+((~A1)*A2)'. If this cell is a user instantiated LUT in the design, please remove connectivity to the pin or change the equation and/or INIT string of the LUT to prevent this issue. If the cell is inferred or IP created LUT, please regenerate the IP and/or resynthesize the design to attempt to correct the issue.
WARNING: [DRC PDCN-1569] LUT equation term check: Used physical LUT pin 'A4' of cell ReConfig/genPG[3].PG/LUT5 is not included in the LUT equation: 'O5=(A1*(~A2))+((~A1)*A2)'. If this cell is a user instantiated LUT in the design, please remove connectivity to the pin or change the equation and/or INIT string of the LUT to prevent this issue. If the cell is inferred or IP created LUT, please regenerate the IP and/or resynthesize the design to attempt to correct the issue.
WARNING: [DRC PDCN-1569] LUT equation term check: Used physical LUT pin 'A4' of cell ReConfig/genPG[3].PG/LUT6 is not included in the LUT equation: 'O6=(A1*(~A2))+((~A1)*A2)'. If this cell is a user instantiated LUT in the design, please remove connectivity to the pin or change the equation and/or INIT string of the LUT to prevent this issue. If the cell is inferred or IP created LUT, please regenerate the IP and/or resynthesize the design to attempt to correct the issue.
WARNING: [DRC PDCN-1569] LUT equation term check: Used physical LUT pin 'A4' of cell ReConfig/s1/LUT5 is not included in the LUT equation: 'O5=0'. If this cell is a user instantiated LUT in the design, please remove connectivity to the pin or change the equation and/or INIT string of the LUT to prevent this issue. If the cell is inferred or IP created LUT, please regenerate the IP and/or resynthesize the design to attempt to correct the issue.
WARNING: [DRC PDCN-1569] LUT equation term check: Used physical LUT pin 'A4' of cell ReConfig/s1/LUT6 is not included in the LUT equation: 'O6=0'. If this cell is a user instantiated LUT in the design, please remove connectivity to the pin or change the equation and/or INIT string of the LUT to prevent this issue. If the cell is inferred or IP created LUT, please regenerate the IP and/or resynthesize the design to attempt to correct the issue.
WARNING: [DRC PDCN-1569] LUT equation term check: Used physical LUT pin 'A4' of cell ReConfig/s2/LUT5 is not included in the LUT equation: 'O5=0'. If this cell is a user instantiated LUT in the design, please remove connectivity to the pin or change the equation and/or INIT string of the LUT to prevent this issue. If the cell is inferred or IP created LUT, please regenerate the IP and/or resynthesize the design to attempt to correct the issue.
WARNING: [DRC PDCN-1569] LUT equation term check: Used physical LUT pin 'A4' of cell ReConfig/s2/LUT6 is not included in the LUT equation: 'O6=0'. If this cell is a user instantiated LUT in the design, please remove connectivity to the pin or change the equation and/or INIT string of the LUT to prevent this issue. If the cell is inferred or IP created LUT, please regenerate the IP and/or resynthesize the design to attempt to correct the issue.
WARNING: [DRC PDCN-1569] LUT equation term check: Used physical LUT pin 'A5' of cell ReConfig/genPG[0].PG/LUT5 is not included in the LUT equation: 'O5=(A1*(~A2))+((~A1)*A2)'. If this cell is a user instantiated LUT in the design, please remove connectivity to the pin or change the equation and/or INIT string of the LUT to prevent this issue. If the cell is inferred or IP created LUT, please regenerate the IP and/or resynthesize the design to attempt to correct the issue.
WARNING: [DRC PDCN-1569] LUT equation term check: Used physical LUT pin 'A5' of cell ReConfig/genPG[0].PG/LUT6 is not included in the LUT equation: 'O6=(A1*(~A2))+((~A1)*A2)'. If this cell is a user instantiated LUT in the design, please remove connectivity to the pin or change the equation and/or INIT string of the LUT to prevent this issue. If the cell is inferred or IP created LUT, please regenerate the IP and/or resynthesize the design to attempt to correct the issue.
WARNING: [DRC PDCN-1569] LUT equation term check: Used physical LUT pin 'A5' of cell ReConfig/genPG[1].PG/LUT5 is not included in the LUT equation: 'O5=(A1*(~A2))+((~A1)*A2)'. If this cell is a user instantiated LUT in the design, please remove connectivity to the pin or change the equation and/or INIT string of the LUT to prevent this issue. If the cell is inferred or IP created LUT, please regenerate the IP and/or resynthesize the design to attempt to correct the issue.
WARNING: [DRC PDCN-1569] LUT equation term check: Used physical LUT pin 'A5' of cell ReConfig/genPG[1].PG/LUT6 is not included in the LUT equation: 'O6=(A1*(~A2))+((~A1)*A2)'. If this cell is a user instantiated LUT in the design, please remove connectivity to the pin or change the equation and/or INIT string of the LUT to prevent this issue. If the cell is inferred or IP created LUT, please regenerate the IP and/or resynthesize the design to attempt to correct the issue.
WARNING: [DRC PDCN-1569] LUT equation term check: Used physical LUT pin 'A5' of cell ReConfig/genPG[2].PG/LUT5 is not included in the LUT equation: 'O5=(A1*(~A2))+((~A1)*A2)'. If this cell is a user instantiated LUT in the design, please remove connectivity to the pin or change the equation and/or INIT string of the LUT to prevent this issue. If the cell is inferred or IP created LUT, please regenerate the IP and/or resynthesize the design to attempt to correct the issue.
WARNING: [DRC PDCN-1569] LUT equation term check: Used physical LUT pin 'A5' of cell ReConfig/genPG[2].PG/LUT6 is not included in the LUT equation: 'O6=(A1*(~A2))+((~A1)*A2)'. If this cell is a user instantiated LUT in the design, please remove connectivity to the pin or change the equation and/or INIT string of the LUT to prevent this issue. If the cell is inferred or IP created LUT, please regenerate the IP and/or resynthesize the design to attempt to correct the issue.
WARNING: [DRC PDCN-1569] LUT equation term check: Used physical LUT pin 'A5' of cell ReConfig/genPG[3].PG/LUT5 is not included in the LUT equation: 'O5=(A1*(~A2))+((~A1)*A2)'. If this cell is a user instantiated LUT in the design, please remove connectivity to the pin or change the equation and/or INIT string of the LUT to prevent this issue. If the cell is inferred or IP created LUT, please regenerate the IP and/or resynthesize the design to attempt to correct the issue.
WARNING: [DRC PDCN-1569] LUT equation term check: Used physical LUT pin 'A5' of cell ReConfig/genPG[3].PG/LUT6 is not included in the LUT equation: 'O6=(A1*(~A2))+((~A1)*A2)'. If this cell is a user instantiated LUT in the design, please remove connectivity to the pin or change the equation and/or INIT string of the LUT to prevent this issue. If the cell is inferred or IP created LUT, please regenerate the IP and/or resynthesize the design to attempt to correct the issue.
WARNING: [DRC PDCN-1569] LUT equation term check: Used physical LUT pin 'A5' of cell ReConfig/s1/LUT5 is not included in the LUT equation: 'O5=0'. If this cell is a user instantiated LUT in the design, please remove connectivity to the pin or change the equation and/or INIT string of the LUT to prevent this issue. If the cell is inferred or IP created LUT, please regenerate the IP and/or resynthesize the design to attempt to correct the issue.
WARNING: [DRC PDCN-1569] LUT equation term check: Used physical LUT pin 'A5' of cell ReConfig/s1/LUT6 is not included in the LUT equation: 'O6=0'. If this cell is a user instantiated LUT in the design, please remove connectivity to the pin or change the equation and/or INIT string of the LUT to prevent this issue. If the cell is inferred or IP created LUT, please regenerate the IP and/or resynthesize the design to attempt to correct the issue.
WARNING: [DRC PDCN-1569] LUT equation term check: Used physical LUT pin 'A5' of cell ReConfig/s2/LUT5 is not included in the LUT equation: 'O5=0'. If this cell is a user instantiated LUT in the design, please remove connectivity to the pin or change the equation and/or INIT string of the LUT to prevent this issue. If the cell is inferred or IP created LUT, please regenerate the IP and/or resynthesize the design to attempt to correct the issue.
WARNING: [DRC PDCN-1569] LUT equation term check: Used physical LUT pin 'A5' of cell ReConfig/s2/LUT6 is not included in the LUT equation: 'O6=0'. If this cell is a user instantiated LUT in the design, please remove connectivity to the pin or change the equation and/or INIT string of the LUT to prevent this issue. If the cell is inferred or IP created LUT, please regenerate the IP and/or resynthesize the design to attempt to correct the issue.
WARNING: [DRC PDCN-1569] LUT equation term check: Used physical LUT pin 'A6' of cell ReConfig/genPG[0].PG/LUT6 is not included in the LUT equation: 'O6=(A1*(~A2))+((~A1)*A2)'. If this cell is a user instantiated LUT in the design, please remove connectivity to the pin or change the equation and/or INIT string of the LUT to prevent this issue. If the cell is inferred or IP created LUT, please regenerate the IP and/or resynthesize the design to attempt to correct the issue.
WARNING: [DRC PDCN-1569] LUT equation term check: Used physical LUT pin 'A6' of cell ReConfig/genPG[1].PG/LUT6 is not included in the LUT equation: 'O6=(A1*(~A2))+((~A1)*A2)'. If this cell is a user instantiated LUT in the design, please remove connectivity to the pin or change the equation and/or INIT string of the LUT to prevent this issue. If the cell is inferred or IP created LUT, please regenerate the IP and/or resynthesize the design to attempt to correct the issue.
WARNING: [DRC PDCN-1569] LUT equation term check: Used physical LUT pin 'A6' of cell ReConfig/genPG[2].PG/LUT6 is not included in the LUT equation: 'O6=(A1*(~A2))+((~A1)*A2)'. If this cell is a user instantiated LUT in the design, please remove connectivity to the pin or change the equation and/or INIT string of the LUT to prevent this issue. If the cell is inferred or IP created LUT, please regenerate the IP and/or resynthesize the design to attempt to correct the issue.
WARNING: [DRC PDCN-1569] LUT equation term check: Used physical LUT pin 'A6' of cell ReConfig/genPG[3].PG/LUT6 is not included in the LUT equation: 'O6=(A1*(~A2))+((~A1)*A2)'. If this cell is a user instantiated LUT in the design, please remove connectivity to the pin or change the equation and/or INIT string of the LUT to prevent this issue. If the cell is inferred or IP created LUT, please regenerate the IP and/or resynthesize the design to attempt to correct the issue.
WARNING: [DRC PDCN-1569] LUT equation term check: Used physical LUT pin 'A6' of cell ReConfig/s1/LUT6 is not included in the LUT equation: 'O6=0'. If this cell is a user instantiated LUT in the design, please remove connectivity to the pin or change the equation and/or INIT string of the LUT to prevent this issue. If the cell is inferred or IP created LUT, please regenerate the IP and/or resynthesize the design to attempt to correct the issue.
WARNING: [DRC PDCN-1569] LUT equation term check: Used physical LUT pin 'A6' of cell ReConfig/s2/LUT6 is not included in the LUT equation: 'O6=0'. If this cell is a user instantiated LUT in the design, please remove connectivity to the pin or change the equation and/or INIT string of the LUT to prevent this issue. If the cell is inferred or IP created LUT, please regenerate the IP and/or resynthesize the design to attempt to correct the issue.
report_drc (run_mandatory_drcs) completed successfully
INFO: [Vivado 12-3199] DRC finished with 0 Errors, 51 Warnings
INFO: [Vivado 12-3200] Please refer to the DRC report (report_drc) for more information.
Partition "pblock_ReConfig" Reconfigurable Module "ReConfig"
INFO: [Project 1-821] Please set project.enableDesignId to be 'true'.
INFO: [Vivado 12-4077] No full design bitstream will be created with the use of the -cell option.
Process Partition "pblock_ReConfig"
INFO: [Designutils 20-2272] Running write_bitstream with 2 threads.
Loading data files...
Loading site data...
Loading route data...
Processing options...
Creating bitmap...
Creating bitstream...
Partial bitstream contains 2601344 bits.
Writing bitstream ./ReConfig_Four_Bit_RCA_LUT_partial.bit...
INFO: [Vivado 12-1842] Bitgen Completed Successfully.
34 Infos, 56 Warnings, 0 Critical Warnings and 0 Errors encountered.
write_bitstream completed successfully
write_bitstream: Time (s): cpu = 00:00:13 ; elapsed = 00:00:23 . Memory (MB): peak = 1792.070 ; gain = 364.332
INFO: [Common 17-206] Exiting Vivado at Wed Feb 28 13:48:12 2018...
