Copyright 1986-2017 Xilinx, Inc. All Rights Reserved.
-----------------------------------------------------------------------------------------------------------------------------------------------
| Tool Version : Vivado v.2017.1 (win64) Build 1846317 Fri Apr 14 18:55:03 MDT 2017
| Date         : Wed Mar  7 17:00:10 2018
| Host         : cfaed-pdpc004 running 64-bit major release  (build 9200)
| Command      : report_timing_summary -warn_on_violation -max_paths 10 -file top_timing_summary_routed.rpt -rpx top_timing_summary_routed.rpx
| Design       : top
| Device       : 7vx485t-ffg1761
| Speed File   : -2  PRODUCTION 1.12 2014-09-11
-----------------------------------------------------------------------------------------------------------------------------------------------

Timing Summary Report

------------------------------------------------------------------------------------------------
| Timer Settings
| --------------
------------------------------------------------------------------------------------------------

  Enable Multi Corner Analysis               :  Yes
  Enable Pessimism Removal                   :  Yes
  Pessimism Removal Resolution               :  Nearest Common Node
  Enable Input Delay Default Clock           :  No
  Enable Preset / Clear Arcs                 :  No
  Disable Flight Delays                      :  No
  Ignore I/O Paths                           :  No
  Timing Early Launch at Borrowing Latches   :  false

  Corner  Analyze    Analyze    
  Name    Max Paths  Min Paths  
  ------  ---------  ---------  
  Slow    Yes        Yes        
  Fast    Yes        Yes        



check_timing report

Table of Contents
-----------------
1. checking no_clock
2. checking constant_clock
3. checking pulse_width_clock
4. checking unconstrained_internal_endpoints
5. checking no_input_delay
6. checking no_output_delay
7. checking multiple_clock
8. checking generated_clocks
9. checking loops
10. checking partial_input_delay
11. checking partial_output_delay
12. checking latch_loops

1. checking no_clock
--------------------
 There are 0 register/latch pins with no clock.


2. checking constant_clock
--------------------------
 There are 0 register/latch pins with constant_clock.


3. checking pulse_width_clock
-----------------------------
 There are 0 register/latch pins which need pulse_width check


4. checking unconstrained_internal_endpoints
--------------------------------------------
 There are 0 pins that are not constrained for maximum delay.

 There are 0 pins that are not constrained for maximum delay due to constant clock.


5. checking no_input_delay
--------------------------
 There are 0 input ports with no input delay specified.

 There are 0 input ports with no input delay but user has a false path constraint.


6. checking no_output_delay
---------------------------
 There are 0 ports with no output delay specified.

 There are 0 ports with no output delay but user has a false path constraint

 There are 0 ports with no output delay but with a timing clock defined on it or propagating through it


7. checking multiple_clock
--------------------------
 There are 0 register/latch pins with multiple clocks.


8. checking generated_clocks
----------------------------
 There are 0 generated clocks that are not connected to a clock source.


9. checking loops
-----------------
 There are 0 combinational loops in the design.


10. checking partial_input_delay
--------------------------------
 There are 8 input ports with partial input delay specified. (HIGH)


11. checking partial_output_delay
---------------------------------
 There are 0 ports with partial output delay specified.


12. checking latch_loops
------------------------
 There are 0 combinational latch loops in the design through latch input



------------------------------------------------------------------------------------------------
| Design Timing Summary
| ---------------------
------------------------------------------------------------------------------------------------

    WNS(ns)      TNS(ns)  TNS Failing Endpoints  TNS Total Endpoints      WHS(ns)      THS(ns)  THS Failing Endpoints  THS Total Endpoints     WPWS(ns)     TPWS(ns)  TPWS Failing Endpoints  TPWS Total Endpoints  
    -------      -------  ---------------------  -------------------      -------      -------  ---------------------  -------------------     --------     --------  ----------------------  --------------------  
      0.144        0.000                      0                    8           NA           NA                     NA                   NA           NA           NA                      NA                    NA  


All user specified timing constraints are met.


------------------------------------------------------------------------------------------------
| Clock Summary
| -------------
------------------------------------------------------------------------------------------------


------------------------------------------------------------------------------------------------
| Intra Clock Table
| -----------------
------------------------------------------------------------------------------------------------

Clock             WNS(ns)      TNS(ns)  TNS Failing Endpoints  TNS Total Endpoints      WHS(ns)      THS(ns)  THS Failing Endpoints  THS Total Endpoints     WPWS(ns)     TPWS(ns)  TPWS Failing Endpoints  TPWS Total Endpoints  
-----             -------      -------  ---------------------  -------------------      -------      -------  ---------------------  -------------------     --------     --------  ----------------------  --------------------  


------------------------------------------------------------------------------------------------
| Inter Clock Table
| -----------------
------------------------------------------------------------------------------------------------

From Clock    To Clock          WNS(ns)      TNS(ns)  TNS Failing Endpoints  TNS Total Endpoints      WHS(ns)      THS(ns)  THS Failing Endpoints  THS Total Endpoints  
----------    --------          -------      -------  ---------------------  -------------------      -------      -------  ---------------------  -------------------  


------------------------------------------------------------------------------------------------
| Other Path Groups Table
| -----------------------
------------------------------------------------------------------------------------------------

Path Group        From Clock        To Clock              WNS(ns)      TNS(ns)  TNS Failing Endpoints  TNS Total Endpoints      WHS(ns)      THS(ns)  THS Failing Endpoints  THS Total Endpoints  
----------        ----------        --------              -------      -------  ---------------------  -------------------      -------      -------  ---------------------  -------------------  
**default**       input port clock                          0.144        0.000                      0                    8                                                                        


------------------------------------------------------------------------------------------------
| Timing Details
| --------------
------------------------------------------------------------------------------------------------


---------------------------------------------------------------------------------------------------
Path Group:  **default**
From Clock:  input port clock
  To Clock:  

Setup :            0  Failing Endpoints,  Worst Slack        0.144ns,  Total Violation        0.000ns
Hold  :           NA  Failing Endpoints,  Worst Slack           NA  ,  Total Violation           NA
---------------------------------------------------------------------------------------------------


Max Delay Paths
--------------------------------------------------------------------------------------
Slack (MET) :             0.144ns  (required time - arrival time)
  Source:                 a[0]
                            (input port)
  Destination:            s[6]
  Path Group:             **default**
  Path Type:              Max at Slow Process Corner
  Requirement:            9.000ns  (MaxDelay Path 9.000ns)
  Data Path Delay:        8.856ns  (logic 3.187ns (35.984%)  route 5.669ns (64.016%))
  Logic Levels:           5  (CARRY4=2 IBUF=1 LUT6=1 OBUF=1)
  Output Delay:           0.000ns
  Timing Exception:       MaxDelay Path 9.000ns

    Location             Delay type                Incr(ns)  Path(ns)    Partition      Netlist Resource(s)
  -------------------------------------------------------------------    ----------------------------------
    AV30                                              0.000     0.000 r  static         a[0] (IN)
                         net (fo=0)                   0.000     0.000    static         a[0]
    AV30                 IBUF (Prop_ibuf_I_O)         0.640     0.640 r  static         a_IBUF[0]_inst/O
                         net (fo=7, routed)           2.192     2.832    boundary       ReConfig/PG2/I0
    SLICE_X50Y54         LUT6 (Prop_lut6_I0_O)        0.043     2.875 r  reconfigurable ReConfig/PG2/LUT6/O
                         net (fo=1, routed)           0.000     2.875    reconfigurable ReConfig/S[2]
    SLICE_X50Y54         CARRY4 (Prop_carry4_S[2]_CO[3])
                                                      0.183     3.058 r  reconfigurable ReConfig/genCC[0].Chain/CO[3]
                         net (fo=1, routed)           0.000     3.058    reconfigurable ReConfig/carry_sig[4]
    SLICE_X50Y55         CARRY4 (Prop_carry4_CI_O[2])
                                                      0.112     3.170 r  reconfigurable ReConfig/genCC[1].Chain/O[2]
                         net (fo=1, routed)           3.477     6.647    boundary       s[6]
    AP42                 OBUF (Prop_obuf_I_O)         2.208     8.856 r  static         s[6]_OBUF_inst/O
                         net (fo=0)                   0.000     8.856    static         s[6]_OBUF
    AP42                                                              r  static         s[6] (OUT)
  -------------------------------------------------------------------    ----------------------------------

                         max delay                    9.000     9.000                   
                         clock pessimism              0.000     9.000                     
                         output delay                -0.000     9.000                     
  -------------------------------------------------------------------
                         required time                          9.000                     
                         arrival time                          -8.856                     
  -------------------------------------------------------------------
                         slack                                  0.144                     

Slack (MET) :             0.169ns  (required time - arrival time)
  Source:                 a[0]
                            (input port)
  Destination:            s[7]
  Path Group:             **default**
  Path Type:              Max at Slow Process Corner
  Requirement:            9.000ns  (MaxDelay Path 9.000ns)
  Data Path Delay:        8.831ns  (logic 3.268ns (37.009%)  route 5.562ns (62.991%))
  Logic Levels:           6  (CARRY4=2 IBUF=1 LUT2=1 LUT6=1 OBUF=1)
  Output Delay:           0.000ns
  Timing Exception:       MaxDelay Path 9.000ns

    Location             Delay type                Incr(ns)  Path(ns)    Partition      Netlist Resource(s)
  -------------------------------------------------------------------    ----------------------------------
    AV30                                              0.000     0.000 r  static         a[0] (IN)
                         net (fo=0)                   0.000     0.000    static         a[0]
    AV30                 IBUF (Prop_ibuf_I_O)         0.640     0.640 r  static         a_IBUF[0]_inst/O
                         net (fo=7, routed)           2.192     2.832    boundary       ReConfig/PG2/I0
    SLICE_X50Y54         LUT6 (Prop_lut6_I0_O)        0.043     2.875 r  reconfigurable ReConfig/PG2/LUT6/O
                         net (fo=1, routed)           0.000     2.875    reconfigurable ReConfig/S[2]
    SLICE_X50Y54         CARRY4 (Prop_carry4_S[2]_CO[3])
                                                      0.183     3.058 r  reconfigurable ReConfig/genCC[0].Chain/CO[3]
                         net (fo=1, routed)           0.000     3.058    reconfigurable ReConfig/carry_sig[4]
    SLICE_X50Y55         CARRY4 (Prop_carry4_CI_O[3])
                                                      0.151     3.209 r  reconfigurable ReConfig/genCC[1].Chain/O[3]
                         net (fo=1, routed)           0.836     4.045    boundary       s_reg[7]
    SLICE_X49Y49         LUT2 (Prop_lut2_I1_O)        0.120     4.165 r  static         s_OBUF[7]_inst_i_1/O
                         net (fo=1, routed)           2.534     6.700    static         s_OBUF[7]
    AU39                 OBUF (Prop_obuf_I_O)         2.131     8.830 r  static         s_OBUF[7]_inst/O
                         net (fo=0)                   0.000     8.830    static         s[7]
    AU39                                                              r  static         s[7] (OUT)
  -------------------------------------------------------------------    ----------------------------------

                         max delay                    9.000     9.000                   
                         clock pessimism              0.000     9.000                     
                         output delay                -0.000     9.000                     
  -------------------------------------------------------------------
                         required time                          9.000                     
                         arrival time                          -8.831                     
  -------------------------------------------------------------------
                         slack                                  0.169                     

Slack (MET) :             0.342ns  (required time - arrival time)
  Source:                 a[0]
                            (input port)
  Destination:            s[3]
  Path Group:             **default**
  Path Type:              Max at Slow Process Corner
  Requirement:            9.000ns  (MaxDelay Path 9.000ns)
  Data Path Delay:        8.658ns  (logic 3.060ns (35.338%)  route 5.598ns (64.662%))
  Logic Levels:           4  (CARRY4=1 IBUF=1 LUT5=1 OBUF=1)
  Output Delay:           0.000ns
  Timing Exception:       MaxDelay Path 9.000ns

    Location             Delay type                Incr(ns)  Path(ns)    Partition      Netlist Resource(s)
  -------------------------------------------------------------------    ----------------------------------
    AV30                                              0.000     0.000 r  static         a[0] (IN)
                         net (fo=0)                   0.000     0.000    static         a[0]
    AV30                 IBUF (Prop_ibuf_I_O)         0.640     0.640 r  static         a_IBUF[0]_inst/O
                         net (fo=7, routed)           2.192     2.832    boundary       ReConfig/PG2/I0
    SLICE_X50Y54         LUT5 (Prop_lut5_I0_O)        0.046     2.878 r  reconfigurable ReConfig/PG2/LUT5/O
                         net (fo=1, routed)           0.000     2.878    reconfigurable ReConfig/DI[2]
    SLICE_X50Y54         CARRY4 (Prop_carry4_DI[2]_O[3])
                                                      0.182     3.060 r  reconfigurable ReConfig/genCC[0].Chain/O[3]
                         net (fo=1, routed)           3.407     6.467    boundary       s[3]
    AT37                 OBUF (Prop_obuf_I_O)         2.191     8.658 r  static         s[3]_OBUF_inst/O
                         net (fo=0)                   0.000     8.658    static         s[3]_OBUF
    AT37                                                              r  static         s[3] (OUT)
  -------------------------------------------------------------------    ----------------------------------

                         max delay                    9.000     9.000                   
                         clock pessimism              0.000     9.000                     
                         output delay                -0.000     9.000                     
  -------------------------------------------------------------------
                         required time                          9.000                     
                         arrival time                          -8.658                     
  -------------------------------------------------------------------
                         slack                                  0.342                     

Slack (MET) :             0.398ns  (required time - arrival time)
  Source:                 a[0]
                            (input port)
  Destination:            s[5]
  Path Group:             **default**
  Path Type:              Max at Slow Process Corner
  Requirement:            9.000ns  (MaxDelay Path 9.000ns)
  Data Path Delay:        8.602ns  (logic 3.225ns (37.494%)  route 5.377ns (62.506%))
  Logic Levels:           5  (CARRY4=2 IBUF=1 LUT6=1 OBUF=1)
  Output Delay:           0.000ns
  Timing Exception:       MaxDelay Path 9.000ns

    Location             Delay type                Incr(ns)  Path(ns)    Partition      Netlist Resource(s)
  -------------------------------------------------------------------    ----------------------------------
    AV30                                              0.000     0.000 r  static         a[0] (IN)
                         net (fo=0)                   0.000     0.000    static         a[0]
    AV30                 IBUF (Prop_ibuf_I_O)         0.640     0.640 r  static         a_IBUF[0]_inst/O
                         net (fo=7, routed)           2.192     2.832    boundary       ReConfig/PG2/I0
    SLICE_X50Y54         LUT6 (Prop_lut6_I0_O)        0.043     2.875 r  reconfigurable ReConfig/PG2/LUT6/O
                         net (fo=1, routed)           0.000     2.875    reconfigurable ReConfig/S[2]
    SLICE_X50Y54         CARRY4 (Prop_carry4_S[2]_CO[3])
                                                      0.183     3.058 r  reconfigurable ReConfig/genCC[0].Chain/CO[3]
                         net (fo=1, routed)           0.000     3.058    reconfigurable ReConfig/carry_sig[4]
    SLICE_X50Y55         CARRY4 (Prop_carry4_CI_O[1])
                                                      0.165     3.223 r  reconfigurable ReConfig/genCC[1].Chain/O[1]
                         net (fo=1, routed)           3.185     6.408    boundary       s[5]
    AP41                 OBUF (Prop_obuf_I_O)         2.194     8.602 r  static         s[5]_OBUF_inst/O
                         net (fo=0)                   0.000     8.602    static         s[5]_OBUF
    AP41                                                              r  static         s[5] (OUT)
  -------------------------------------------------------------------    ----------------------------------

                         max delay                    9.000     9.000                   
                         clock pessimism              0.000     9.000                     
                         output delay                -0.000     9.000                     
  -------------------------------------------------------------------
                         required time                          9.000                     
                         arrival time                          -8.602                     
  -------------------------------------------------------------------
                         slack                                  0.398                     

Slack (MET) :             0.641ns  (required time - arrival time)
  Source:                 a[0]
                            (input port)
  Destination:            s[1]
  Path Group:             **default**
  Path Type:              Max at Slow Process Corner
  Requirement:            9.000ns  (MaxDelay Path 9.000ns)
  Data Path Delay:        8.359ns  (logic 2.982ns (35.674%)  route 5.377ns (64.326%))
  Logic Levels:           4  (CARRY4=1 IBUF=1 LUT6=1 OBUF=1)
  Output Delay:           0.000ns
  Timing Exception:       MaxDelay Path 9.000ns

    Location             Delay type                Incr(ns)  Path(ns)    Partition      Netlist Resource(s)
  -------------------------------------------------------------------    ----------------------------------
    AV30                                              0.000     0.000 r  static         a[0] (IN)
                         net (fo=0)                   0.000     0.000    static         a[0]
    AV30                 IBUF (Prop_ibuf_I_O)         0.640     0.640 r  static         a_IBUF[0]_inst/O
                         net (fo=7, routed)           2.192     2.832    boundary       ReConfig/PG2/I0
    SLICE_X50Y54         LUT6 (Prop_lut6_I0_O)        0.043     2.875 r  reconfigurable ReConfig/PG2/LUT6/O
                         net (fo=1, routed)           0.000     2.875    reconfigurable ReConfig/S[2]
    SLICE_X50Y54         CARRY4 (Prop_carry4_S[2]_O[2])
                                                      0.114     2.989 r  reconfigurable ReConfig/genCC[0].Chain/O[2]
                         net (fo=1, routed)           3.186     6.174    boundary       s[1]
    AN39                 OBUF (Prop_obuf_I_O)         2.185     8.359 r  static         s[1]_OBUF_inst/O
                         net (fo=0)                   0.000     8.359    static         s[1]_OBUF
    AN39                                                              r  static         s[1] (OUT)
  -------------------------------------------------------------------    ----------------------------------

                         max delay                    9.000     9.000                   
                         clock pessimism              0.000     9.000                     
                         output delay                -0.000     9.000                     
  -------------------------------------------------------------------
                         required time                          9.000                     
                         arrival time                          -8.359                     
  -------------------------------------------------------------------
                         slack                                  0.641                     

Slack (MET) :             1.239ns  (required time - arrival time)
  Source:                 a[2]
                            (input port)
  Destination:            s[2]
  Path Group:             **default**
  Path Type:              Max at Slow Process Corner
  Requirement:            9.000ns  (MaxDelay Path 9.000ns)
  Data Path Delay:        7.761ns  (logic 2.774ns (35.739%)  route 4.987ns (64.261%))
  Logic Levels:           2  (IBUF=1 OBUF=1)
  Output Delay:           0.000ns
  Timing Exception:       MaxDelay Path 9.000ns

    Location             Delay type                Incr(ns)  Path(ns)    Partition      Netlist Resource(s)
  -------------------------------------------------------------------    ----------------------------------
    BA31                                              0.000     0.000 r  static         a[2] (IN)
                         net (fo=0)                   0.000     0.000    static         a[2]
    BA31                 IBUF (Prop_ibuf_I_O)         0.668     0.668 r  static         a_IBUF[2]_inst/O
                         net (fo=5, routed)           4.987     5.655    static         s[2]
    AR37                 OBUF (Prop_obuf_I_O)         2.105     7.761 r  static         s[2]_OBUF_inst/O
                         net (fo=0)                   0.000     7.761    static         s[2]_OBUF
    AR37                                                              r  static         s[2] (OUT)
  -------------------------------------------------------------------    ----------------------------------

                         max delay                    9.000     9.000                   
                         clock pessimism              0.000     9.000                     
                         output delay                -0.000     9.000                     
  -------------------------------------------------------------------
                         required time                          9.000                     
                         arrival time                          -7.761                     
  -------------------------------------------------------------------
                         slack                                  1.239                     

Slack (MET) :             1.661ns  (required time - arrival time)
  Source:                 a[0]
                            (input port)
  Destination:            s[0]
  Path Group:             **default**
  Path Type:              Max at Slow Process Corner
  Requirement:            9.000ns  (MaxDelay Path 9.000ns)
  Data Path Delay:        7.339ns  (logic 2.730ns (37.197%)  route 4.609ns (62.803%))
  Logic Levels:           2  (IBUF=1 OBUF=1)
  Output Delay:           0.000ns
  Timing Exception:       MaxDelay Path 9.000ns

    Location             Delay type                Incr(ns)  Path(ns)    Partition      Netlist Resource(s)
  -------------------------------------------------------------------    ----------------------------------
    AV30                                              0.000     0.000 r  static         a[0] (IN)
                         net (fo=0)                   0.000     0.000    static         a[0]
    AV30                 IBUF (Prop_ibuf_I_O)         0.640     0.640 r  static         a_IBUF[0]_inst/O
                         net (fo=7, routed)           4.609     5.249    static         s[0]
    AM39                 OBUF (Prop_obuf_I_O)         2.090     7.339 r  static         s[0]_OBUF_inst/O
                         net (fo=0)                   0.000     7.339    static         s[0]_OBUF
    AM39                                                              r  static         s[0] (OUT)
  -------------------------------------------------------------------    ----------------------------------

                         max delay                    9.000     9.000                   
                         clock pessimism              0.000     9.000                     
                         output delay                -0.000     9.000                     
  -------------------------------------------------------------------
                         required time                          9.000                     
                         arrival time                          -7.339                     
  -------------------------------------------------------------------
                         slack                                  1.661                     

Slack (MET) :             1.760ns  (required time - arrival time)
  Source:                 a[0]
                            (input port)
  Destination:            s[4]
  Path Group:             **default**
  Path Type:              Max at Slow Process Corner
  Requirement:            9.000ns  (MaxDelay Path 9.000ns)
  Data Path Delay:        7.240ns  (logic 3.112ns (42.986%)  route 4.128ns (57.014%))
  Logic Levels:           5  (CARRY4=2 IBUF=1 LUT6=1 OBUF=1)
  Output Delay:           0.000ns
  Timing Exception:       MaxDelay Path 9.000ns

    Location             Delay type                Incr(ns)  Path(ns)    Partition      Netlist Resource(s)
  -------------------------------------------------------------------    ----------------------------------
    AV30                                              0.000     0.000 r  static         a[0] (IN)
                         net (fo=0)                   0.000     0.000    static         a[0]
    AV30                 IBUF (Prop_ibuf_I_O)         0.640     0.640 r  static         a_IBUF[0]_inst/O
                         net (fo=7, routed)           2.192     2.832    boundary       ReConfig/PG2/I0
    SLICE_X50Y54         LUT6 (Prop_lut6_I0_O)        0.043     2.875 r  reconfigurable ReConfig/PG2/LUT6/O
                         net (fo=1, routed)           0.000     2.875    reconfigurable ReConfig/S[2]
    SLICE_X50Y54         CARRY4 (Prop_carry4_S[2]_CO[3])
                                                      0.183     3.058 r  reconfigurable ReConfig/genCC[0].Chain/CO[3]
                         net (fo=1, routed)           0.000     3.058    reconfigurable ReConfig/carry_sig[4]
    SLICE_X50Y55         CARRY4 (Prop_carry4_CI_O[0])
                                                      0.108     3.166 r  reconfigurable ReConfig/genCC[1].Chain/O[0]
                         net (fo=1, routed)           1.936     5.102    boundary       s[4]
    AR35                 OBUF (Prop_obuf_I_O)         2.138     7.240 r  static         s[4]_OBUF_inst/O
                         net (fo=0)                   0.000     7.240    static         s[4]_OBUF
    AR35                                                              r  static         s[4] (OUT)
  -------------------------------------------------------------------    ----------------------------------

                         max delay                    9.000     9.000                   
                         clock pessimism              0.000     9.000                     
                         output delay                -0.000     9.000                     
  -------------------------------------------------------------------
                         required time                          9.000                     
                         arrival time                          -7.240                     
  -------------------------------------------------------------------
                         slack                                  1.760                     





