Copyright 1986-2017 Xilinx, Inc. All Rights Reserved.
-----------------------------------------------------------------------------------------------------------------------------------------------
| Tool Version : Vivado v.2017.1 (win64) Build 1846317 Fri Apr 14 18:55:03 MDT 2017
| Date         : Wed Mar  7 17:03:58 2018
| Host         : cfaed-pdpc004 running 64-bit major release  (build 9200)
| Command      : report_timing_summary -warn_on_violation -max_paths 10 -file top_timing_summary_routed.rpt -rpx top_timing_summary_routed.rpx
| Design       : top
| Device       : 7vx485t-ffg1761
| Speed File   : -2  PRODUCTION 1.12 2014-09-11
-----------------------------------------------------------------------------------------------------------------------------------------------

Timing Summary Report

------------------------------------------------------------------------------------------------
| Timer Settings
| --------------
------------------------------------------------------------------------------------------------

  Enable Multi Corner Analysis               :  Yes
  Enable Pessimism Removal                   :  Yes
  Pessimism Removal Resolution               :  Nearest Common Node
  Enable Input Delay Default Clock           :  No
  Enable Preset / Clear Arcs                 :  No
  Disable Flight Delays                      :  No
  Ignore I/O Paths                           :  No
  Timing Early Launch at Borrowing Latches   :  false

  Corner  Analyze    Analyze    
  Name    Max Paths  Min Paths  
  ------  ---------  ---------  
  Slow    Yes        Yes        
  Fast    Yes        Yes        



check_timing report

Table of Contents
-----------------
1. checking no_clock
2. checking constant_clock
3. checking pulse_width_clock
4. checking unconstrained_internal_endpoints
5. checking no_input_delay
6. checking no_output_delay
7. checking multiple_clock
8. checking generated_clocks
9. checking loops
10. checking partial_input_delay
11. checking partial_output_delay
12. checking latch_loops

1. checking no_clock
--------------------
 There are 0 register/latch pins with no clock.


2. checking constant_clock
--------------------------
 There are 0 register/latch pins with constant_clock.


3. checking pulse_width_clock
-----------------------------
 There are 0 register/latch pins which need pulse_width check


4. checking unconstrained_internal_endpoints
--------------------------------------------
 There are 0 pins that are not constrained for maximum delay.

 There are 0 pins that are not constrained for maximum delay due to constant clock.


5. checking no_input_delay
--------------------------
 There are 0 input ports with no input delay specified.

 There are 0 input ports with no input delay but user has a false path constraint.


6. checking no_output_delay
---------------------------
 There are 0 ports with no output delay specified.

 There are 0 ports with no output delay but user has a false path constraint

 There are 0 ports with no output delay but with a timing clock defined on it or propagating through it


7. checking multiple_clock
--------------------------
 There are 0 register/latch pins with multiple clocks.


8. checking generated_clocks
----------------------------
 There are 0 generated clocks that are not connected to a clock source.


9. checking loops
-----------------
 There are 0 combinational loops in the design.


10. checking partial_input_delay
--------------------------------
 There are 8 input ports with partial input delay specified. (HIGH)


11. checking partial_output_delay
---------------------------------
 There are 0 ports with partial output delay specified.


12. checking latch_loops
------------------------
 There are 0 combinational latch loops in the design through latch input



------------------------------------------------------------------------------------------------
| Design Timing Summary
| ---------------------
------------------------------------------------------------------------------------------------

    WNS(ns)      TNS(ns)  TNS Failing Endpoints  TNS Total Endpoints      WHS(ns)      THS(ns)  THS Failing Endpoints  THS Total Endpoints     WPWS(ns)     TPWS(ns)  TPWS Failing Endpoints  TPWS Total Endpoints  
    -------      -------  ---------------------  -------------------      -------      -------  ---------------------  -------------------     --------     --------  ----------------------  --------------------  
      0.181        0.000                      0                    7           NA           NA                     NA                   NA           NA           NA                      NA                    NA  


All user specified timing constraints are met.


------------------------------------------------------------------------------------------------
| Clock Summary
| -------------
------------------------------------------------------------------------------------------------


------------------------------------------------------------------------------------------------
| Intra Clock Table
| -----------------
------------------------------------------------------------------------------------------------

Clock             WNS(ns)      TNS(ns)  TNS Failing Endpoints  TNS Total Endpoints      WHS(ns)      THS(ns)  THS Failing Endpoints  THS Total Endpoints     WPWS(ns)     TPWS(ns)  TPWS Failing Endpoints  TPWS Total Endpoints  
-----             -------      -------  ---------------------  -------------------      -------      -------  ---------------------  -------------------     --------     --------  ----------------------  --------------------  


------------------------------------------------------------------------------------------------
| Inter Clock Table
| -----------------
------------------------------------------------------------------------------------------------

From Clock    To Clock          WNS(ns)      TNS(ns)  TNS Failing Endpoints  TNS Total Endpoints      WHS(ns)      THS(ns)  THS Failing Endpoints  THS Total Endpoints  
----------    --------          -------      -------  ---------------------  -------------------      -------      -------  ---------------------  -------------------  


------------------------------------------------------------------------------------------------
| Other Path Groups Table
| -----------------------
------------------------------------------------------------------------------------------------

Path Group        From Clock        To Clock              WNS(ns)      TNS(ns)  TNS Failing Endpoints  TNS Total Endpoints      WHS(ns)      THS(ns)  THS Failing Endpoints  THS Total Endpoints  
----------        ----------        --------              -------      -------  ---------------------  -------------------      -------      -------  ---------------------  -------------------  
**default**       input port clock                          0.181        0.000                      0                    7                                                                        


------------------------------------------------------------------------------------------------
| Timing Details
| --------------
------------------------------------------------------------------------------------------------


---------------------------------------------------------------------------------------------------
Path Group:  **default**
From Clock:  input port clock
  To Clock:  

Setup :            0  Failing Endpoints,  Worst Slack        0.181ns,  Total Violation        0.000ns
Hold  :           NA  Failing Endpoints,  Worst Slack           NA  ,  Total Violation           NA
---------------------------------------------------------------------------------------------------


Max Delay Paths
--------------------------------------------------------------------------------------
Slack (MET) :             0.181ns  (required time - arrival time)
  Source:                 a[0]
                            (input port)
  Destination:            s[7]
  Path Group:             **default**
  Path Type:              Max at Slow Process Corner
  Requirement:            9.000ns  (MaxDelay Path 9.000ns)
  Data Path Delay:        8.819ns  (logic 3.116ns (35.333%)  route 5.703ns (64.667%))
  Logic Levels:           5  (CARRY4=1 IBUF=1 LUT2=1 LUT6=1 OBUF=1)
  Output Delay:           0.000ns
  Timing Exception:       MaxDelay Path 9.000ns

    Location             Delay type                Incr(ns)  Path(ns)    Partition      Netlist Resource(s)
  -------------------------------------------------------------------    ----------------------------------
    AV30                                              0.000     0.000 r  static         a[0] (IN)
                         net (fo=0)                   0.000     0.000    static         a[0]
    AV30                 IBUF (Prop_ibuf_I_O)         0.640     0.640 r  static         a_IBUF[0]_inst/O
                         net (fo=8, routed)           2.212     2.852    boundary       ReConfig/PG2/I0
    SLICE_X49Y53         LUT6 (Prop_lut6_I0_O)        0.043     2.895 r  reconfigurable ReConfig/PG2/LUT6/O
                         net (fo=1, routed)           0.000     2.895    reconfigurable ReConfig/S[0]
    SLICE_X49Y53         CARRY4 (Prop_carry4_S[0]_CO[3])
                                                      0.259     3.154 r  reconfigurable ReConfig/genCC[0].Chain/CO[3]
                         net (fo=1, routed)           0.957     4.111    boundary       c_out
    SLICE_X49Y49         LUT2 (Prop_lut2_I0_O)        0.043     4.154 r  static         s_OBUF[7]_inst_i_1/O
                         net (fo=1, routed)           2.534     6.688    static         s_OBUF[7]
    AU39                 OBUF (Prop_obuf_I_O)         2.131     8.819 r  static         s_OBUF[7]_inst/O
                         net (fo=0)                   0.000     8.819    static         s[7]
    AU39                                                              r  static         s[7] (OUT)
  -------------------------------------------------------------------    ----------------------------------

                         max delay                    9.000     9.000                   
                         clock pessimism              0.000     9.000                     
                         output delay                -0.000     9.000                     
  -------------------------------------------------------------------
                         required time                          9.000                     
                         arrival time                          -8.819                     
  -------------------------------------------------------------------
                         slack                                  0.181                     

Slack (MET) :             0.204ns  (required time - arrival time)
  Source:                 a[0]
                            (input port)
  Destination:            s[5]
  Path Group:             **default**
  Path Type:              Max at Slow Process Corner
  Requirement:            9.000ns  (MaxDelay Path 9.000ns)
  Data Path Delay:        8.796ns  (logic 3.168ns (36.020%)  route 5.627ns (63.980%))
  Logic Levels:           4  (CARRY4=1 IBUF=1 LUT6=1 OBUF=1)
  Output Delay:           0.000ns
  Timing Exception:       MaxDelay Path 9.000ns

    Location             Delay type                Incr(ns)  Path(ns)    Partition      Netlist Resource(s)
  -------------------------------------------------------------------    ----------------------------------
    AV30                                              0.000     0.000 r  static         a[0] (IN)
                         net (fo=0)                   0.000     0.000    static         a[0]
    AV30                 IBUF (Prop_ibuf_I_O)         0.640     0.640 r  static         a_IBUF[0]_inst/O
                         net (fo=8, routed)           2.212     2.852    boundary       ReConfig/PG2/I0
    SLICE_X49Y53         LUT6 (Prop_lut6_I0_O)        0.043     2.895 r  reconfigurable ReConfig/PG2/LUT6/O
                         net (fo=1, routed)           0.000     2.895    reconfigurable ReConfig/S[0]
    SLICE_X49Y53         CARRY4 (Prop_carry4_S[0]_O[3])
                                                      0.296     3.191 r  reconfigurable ReConfig/genCC[0].Chain/O[3]
                         net (fo=1, routed)           3.416     6.607    boundary       s[5]
    AP41                 OBUF (Prop_obuf_I_O)         2.189     8.796 r  static         s[5]_OBUF_inst/O
                         net (fo=0)                   0.000     8.796    static         s[5]_OBUF
    AP41                                                              r  static         s[5] (OUT)
  -------------------------------------------------------------------    ----------------------------------

                         max delay                    9.000     9.000                   
                         clock pessimism              0.000     9.000                     
                         output delay                -0.000     9.000                     
  -------------------------------------------------------------------
                         required time                          9.000                     
                         arrival time                          -8.796                     
  -------------------------------------------------------------------
                         slack                                  0.204                     

Slack (MET) :             0.260ns  (required time - arrival time)
  Source:                 a[0]
                            (input port)
  Destination:            s[3]
  Path Group:             **default**
  Path Type:              Max at Slow Process Corner
  Requirement:            9.000ns  (MaxDelay Path 9.000ns)
  Data Path Delay:        8.740ns  (logic 3.096ns (35.420%)  route 5.644ns (64.580%))
  Logic Levels:           4  (CARRY4=1 IBUF=1 LUT6=1 OBUF=1)
  Output Delay:           0.000ns
  Timing Exception:       MaxDelay Path 9.000ns

    Location             Delay type                Incr(ns)  Path(ns)    Partition      Netlist Resource(s)
  -------------------------------------------------------------------    ----------------------------------
    AV30                                              0.000     0.000 r  static         a[0] (IN)
                         net (fo=0)                   0.000     0.000    static         a[0]
    AV30                 IBUF (Prop_ibuf_I_O)         0.640     0.640 r  static         a_IBUF[0]_inst/O
                         net (fo=8, routed)           2.212     2.852    boundary       ReConfig/PG2/I0
    SLICE_X49Y53         LUT6 (Prop_lut6_I0_O)        0.043     2.895 r  reconfigurable ReConfig/PG2/LUT6/O
                         net (fo=1, routed)           0.000     2.895    reconfigurable ReConfig/S[0]
    SLICE_X49Y53         CARRY4 (Prop_carry4_S[0]_O[1])
                                                      0.218     3.113 r  reconfigurable ReConfig/genCC[0].Chain/O[1]
                         net (fo=1, routed)           3.432     6.545    boundary       s[3]
    AT37                 OBUF (Prop_obuf_I_O)         2.194     8.740 r  static         s[3]_OBUF_inst/O
                         net (fo=0)                   0.000     8.740    static         s[3]_OBUF
    AT37                                                              r  static         s[3] (OUT)
  -------------------------------------------------------------------    ----------------------------------

                         max delay                    9.000     9.000                   
                         clock pessimism              0.000     9.000                     
                         output delay                -0.000     9.000                     
  -------------------------------------------------------------------
                         required time                          9.000                     
                         arrival time                          -8.740                     
  -------------------------------------------------------------------
                         slack                                  0.260                     

Slack (MET) :             0.382ns  (required time - arrival time)
  Source:                 a[0]
                            (input port)
  Destination:            s[1]
  Path Group:             **default**
  Path Type:              Max at Slow Process Corner
  Requirement:            9.000ns  (MaxDelay Path 9.000ns)
  Data Path Delay:        8.618ns  (logic 2.989ns (34.683%)  route 5.629ns (65.317%))
  Logic Levels:           4  (CARRY4=1 IBUF=1 LUT6=1 OBUF=1)
  Output Delay:           0.000ns
  Timing Exception:       MaxDelay Path 9.000ns

    Location             Delay type                Incr(ns)  Path(ns)    Partition      Netlist Resource(s)
  -------------------------------------------------------------------    ----------------------------------
    AV30                                              0.000     0.000 r  static         a[0] (IN)
                         net (fo=0)                   0.000     0.000    static         a[0]
    AV30                 IBUF (Prop_ibuf_I_O)         0.640     0.640 r  static         a_IBUF[0]_inst/O
                         net (fo=8, routed)           2.212     2.852    boundary       ReConfig/PG2/I0
    SLICE_X49Y53         LUT6 (Prop_lut6_I0_O)        0.043     2.895 r  reconfigurable ReConfig/PG2/LUT6/O
                         net (fo=1, routed)           0.000     2.895    reconfigurable ReConfig/S[0]
    SLICE_X49Y53         CARRY4 (Prop_carry4_S[0]_O[0])
                                                      0.124     3.019 r  reconfigurable ReConfig/genCC[0].Chain/O[0]
                         net (fo=1, routed)           3.417     6.436    boundary       s[1]
    AN39                 OBUF (Prop_obuf_I_O)         2.182     8.618 r  static         s[1]_OBUF_inst/O
                         net (fo=0)                   0.000     8.618    static         s[1]_OBUF
    AN39                                                              r  static         s[1] (OUT)
  -------------------------------------------------------------------    ----------------------------------

                         max delay                    9.000     9.000                   
                         clock pessimism              0.000     9.000                     
                         output delay                -0.000     9.000                     
  -------------------------------------------------------------------
                         required time                          9.000                     
                         arrival time                          -8.618                     
  -------------------------------------------------------------------
                         slack                                  0.382                     

Slack (MET) :             1.398ns  (required time - arrival time)
  Source:                 a[2]
                            (input port)
  Destination:            s[2]
  Path Group:             **default**
  Path Type:              Max at Slow Process Corner
  Requirement:            9.000ns  (MaxDelay Path 9.000ns)
  Data Path Delay:        7.602ns  (logic 2.774ns (36.484%)  route 4.829ns (63.516%))
  Logic Levels:           2  (IBUF=1 OBUF=1)
  Output Delay:           0.000ns
  Timing Exception:       MaxDelay Path 9.000ns

    Location             Delay type                Incr(ns)  Path(ns)    Partition      Netlist Resource(s)
  -------------------------------------------------------------------    ----------------------------------
    BA31                                              0.000     0.000 r  static         a[2] (IN)
                         net (fo=0)                   0.000     0.000    static         a[2]
    BA31                 IBUF (Prop_ibuf_I_O)         0.668     0.668 r  static         a_IBUF[2]_inst/O
                         net (fo=5, routed)           4.829     5.497    static         s[2]
    AR37                 OBUF (Prop_obuf_I_O)         2.105     7.602 r  static         s[2]_OBUF_inst/O
                         net (fo=0)                   0.000     7.602    static         s[2]_OBUF
    AR37                                                              r  static         s[2] (OUT)
  -------------------------------------------------------------------    ----------------------------------

                         max delay                    9.000     9.000                   
                         clock pessimism              0.000     9.000                     
                         output delay                -0.000     9.000                     
  -------------------------------------------------------------------
                         required time                          9.000                     
                         arrival time                          -7.602                     
  -------------------------------------------------------------------
                         slack                                  1.398                     

Slack (MET) :             1.533ns  (required time - arrival time)
  Source:                 a[0]
                            (input port)
  Destination:            s[0]
  Path Group:             **default**
  Path Type:              Max at Slow Process Corner
  Requirement:            9.000ns  (MaxDelay Path 9.000ns)
  Data Path Delay:        7.467ns  (logic 2.730ns (36.557%)  route 4.737ns (63.443%))
  Logic Levels:           2  (IBUF=1 OBUF=1)
  Output Delay:           0.000ns
  Timing Exception:       MaxDelay Path 9.000ns

    Location             Delay type                Incr(ns)  Path(ns)    Partition      Netlist Resource(s)
  -------------------------------------------------------------------    ----------------------------------
    AV30                                              0.000     0.000 r  static         a[0] (IN)
                         net (fo=0)                   0.000     0.000    static         a[0]
    AV30                 IBUF (Prop_ibuf_I_O)         0.640     0.640 r  static         a_IBUF[0]_inst/O
                         net (fo=8, routed)           4.737     5.378    static         s[0]
    AM39                 OBUF (Prop_obuf_I_O)         2.090     7.467 r  static         s[0]_OBUF_inst/O
                         net (fo=0)                   0.000     7.467    static         s[0]_OBUF
    AM39                                                              r  static         s[0] (OUT)
  -------------------------------------------------------------------    ----------------------------------

                         max delay                    9.000     9.000                   
                         clock pessimism              0.000     9.000                     
                         output delay                -0.000     9.000                     
  -------------------------------------------------------------------
                         required time                          9.000                     
                         arrival time                          -7.467                     
  -------------------------------------------------------------------
                         slack                                  1.533                     

Slack (MET) :             2.091ns  (required time - arrival time)
  Source:                 a[0]
                            (input port)
  Destination:            s[4]
  Path Group:             **default**
  Path Type:              Max at Slow Process Corner
  Requirement:            9.000ns  (MaxDelay Path 9.000ns)
  Data Path Delay:        6.909ns  (logic 3.086ns (44.666%)  route 3.823ns (55.334%))
  Logic Levels:           4  (CARRY4=1 IBUF=1 LUT6=1 OBUF=1)
  Output Delay:           0.000ns
  Timing Exception:       MaxDelay Path 9.000ns

    Location             Delay type                Incr(ns)  Path(ns)    Partition      Netlist Resource(s)
  -------------------------------------------------------------------    ----------------------------------
    AV30                                              0.000     0.000 r  static         a[0] (IN)
                         net (fo=0)                   0.000     0.000    static         a[0]
    AV30                 IBUF (Prop_ibuf_I_O)         0.640     0.640 r  static         a_IBUF[0]_inst/O
                         net (fo=8, routed)           2.212     2.852    boundary       ReConfig/PG2/I0
    SLICE_X49Y53         LUT6 (Prop_lut6_I0_O)        0.043     2.895 r  reconfigurable ReConfig/PG2/LUT6/O
                         net (fo=1, routed)           0.000     2.895    reconfigurable ReConfig/S[0]
    SLICE_X49Y53         CARRY4 (Prop_carry4_S[0]_O[2])
                                                      0.266     3.161 r  reconfigurable ReConfig/genCC[0].Chain/O[2]
                         net (fo=1, routed)           1.611     4.772    boundary       s[4]
    AR35                 OBUF (Prop_obuf_I_O)         2.137     6.909 r  static         s[4]_OBUF_inst/O
                         net (fo=0)                   0.000     6.909    static         s[4]_OBUF
    AR35                                                              r  static         s[4] (OUT)
  -------------------------------------------------------------------    ----------------------------------

                         max delay                    9.000     9.000                   
                         clock pessimism              0.000     9.000                     
                         output delay                -0.000     9.000                     
  -------------------------------------------------------------------
                         required time                          9.000                     
                         arrival time                          -6.909                     
  -------------------------------------------------------------------
                         slack                                  2.091                     





