Copyright 1986-2017 Xilinx, Inc. All Rights Reserved.
-----------------------------------------------------------------------------------------------------------------------------------------------
| Tool Version : Vivado v.2017.1 (win64) Build 1846317 Fri Apr 14 18:55:03 MDT 2017
| Date         : Wed Mar  7 16:58:20 2018
| Host         : cfaed-pdpc004 running 64-bit major release  (build 9200)
| Command      : report_timing_summary -warn_on_violation -max_paths 10 -file top_timing_summary_routed.rpt -rpx top_timing_summary_routed.rpx
| Design       : top
| Device       : 7vx485t-ffg1761
| Speed File   : -2  PRODUCTION 1.12 2014-09-11
-----------------------------------------------------------------------------------------------------------------------------------------------

Timing Summary Report

------------------------------------------------------------------------------------------------
| Timer Settings
| --------------
------------------------------------------------------------------------------------------------

  Enable Multi Corner Analysis               :  Yes
  Enable Pessimism Removal                   :  Yes
  Pessimism Removal Resolution               :  Nearest Common Node
  Enable Input Delay Default Clock           :  No
  Enable Preset / Clear Arcs                 :  No
  Disable Flight Delays                      :  No
  Ignore I/O Paths                           :  No
  Timing Early Launch at Borrowing Latches   :  false

  Corner  Analyze    Analyze    
  Name    Max Paths  Min Paths  
  ------  ---------  ---------  
  Slow    Yes        Yes        
  Fast    Yes        Yes        



check_timing report

Table of Contents
-----------------
1. checking no_clock
2. checking constant_clock
3. checking pulse_width_clock
4. checking unconstrained_internal_endpoints
5. checking no_input_delay
6. checking no_output_delay
7. checking multiple_clock
8. checking generated_clocks
9. checking loops
10. checking partial_input_delay
11. checking partial_output_delay
12. checking latch_loops

1. checking no_clock
--------------------
 There are 0 register/latch pins with no clock.


2. checking constant_clock
--------------------------
 There are 0 register/latch pins with constant_clock.


3. checking pulse_width_clock
-----------------------------
 There are 0 register/latch pins which need pulse_width check


4. checking unconstrained_internal_endpoints
--------------------------------------------
 There are 0 pins that are not constrained for maximum delay.

 There are 0 pins that are not constrained for maximum delay due to constant clock.


5. checking no_input_delay
--------------------------
 There are 0 input ports with no input delay specified.

 There are 0 input ports with no input delay but user has a false path constraint.


6. checking no_output_delay
---------------------------
 There are 0 ports with no output delay specified.

 There are 0 ports with no output delay but user has a false path constraint

 There are 0 ports with no output delay but with a timing clock defined on it or propagating through it


7. checking multiple_clock
--------------------------
 There are 0 register/latch pins with multiple clocks.


8. checking generated_clocks
----------------------------
 There are 0 generated clocks that are not connected to a clock source.


9. checking loops
-----------------
 There are 0 combinational loops in the design.


10. checking partial_input_delay
--------------------------------
 There are 8 input ports with partial input delay specified. (HIGH)


11. checking partial_output_delay
---------------------------------
 There are 0 ports with partial output delay specified.


12. checking latch_loops
------------------------
 There are 0 combinational latch loops in the design through latch input



------------------------------------------------------------------------------------------------
| Design Timing Summary
| ---------------------
------------------------------------------------------------------------------------------------

    WNS(ns)      TNS(ns)  TNS Failing Endpoints  TNS Total Endpoints      WHS(ns)      THS(ns)  THS Failing Endpoints  THS Total Endpoints     WPWS(ns)     TPWS(ns)  TPWS Failing Endpoints  TPWS Total Endpoints  
    -------      -------  ---------------------  -------------------      -------      -------  ---------------------  -------------------     --------     --------  ----------------------  --------------------  
      0.211        0.000                      0                    8           NA           NA                     NA                   NA           NA           NA                      NA                    NA  


All user specified timing constraints are met.


------------------------------------------------------------------------------------------------
| Clock Summary
| -------------
------------------------------------------------------------------------------------------------


------------------------------------------------------------------------------------------------
| Intra Clock Table
| -----------------
------------------------------------------------------------------------------------------------

Clock             WNS(ns)      TNS(ns)  TNS Failing Endpoints  TNS Total Endpoints      WHS(ns)      THS(ns)  THS Failing Endpoints  THS Total Endpoints     WPWS(ns)     TPWS(ns)  TPWS Failing Endpoints  TPWS Total Endpoints  
-----             -------      -------  ---------------------  -------------------      -------      -------  ---------------------  -------------------     --------     --------  ----------------------  --------------------  


------------------------------------------------------------------------------------------------
| Inter Clock Table
| -----------------
------------------------------------------------------------------------------------------------

From Clock    To Clock          WNS(ns)      TNS(ns)  TNS Failing Endpoints  TNS Total Endpoints      WHS(ns)      THS(ns)  THS Failing Endpoints  THS Total Endpoints  
----------    --------          -------      -------  ---------------------  -------------------      -------      -------  ---------------------  -------------------  


------------------------------------------------------------------------------------------------
| Other Path Groups Table
| -----------------------
------------------------------------------------------------------------------------------------

Path Group        From Clock        To Clock              WNS(ns)      TNS(ns)  TNS Failing Endpoints  TNS Total Endpoints      WHS(ns)      THS(ns)  THS Failing Endpoints  THS Total Endpoints  
----------        ----------        --------              -------      -------  ---------------------  -------------------      -------      -------  ---------------------  -------------------  
**default**       input port clock                          0.211        0.000                      0                    8                                                                        


------------------------------------------------------------------------------------------------
| Timing Details
| --------------
------------------------------------------------------------------------------------------------


---------------------------------------------------------------------------------------------------
Path Group:  **default**
From Clock:  input port clock
  To Clock:  

Setup :            0  Failing Endpoints,  Worst Slack        0.211ns,  Total Violation        0.000ns
Hold  :           NA  Failing Endpoints,  Worst Slack           NA  ,  Total Violation           NA
---------------------------------------------------------------------------------------------------


Max Delay Paths
--------------------------------------------------------------------------------------
Slack (MET) :             0.211ns  (required time - arrival time)
  Source:                 a[0]
                            (input port)
  Destination:            s[7]
  Path Group:             **default**
  Path Type:              Max at Slow Process Corner
  Requirement:            9.000ns  (MaxDelay Path 9.000ns)
  Data Path Delay:        8.789ns  (logic 3.331ns (37.899%)  route 5.458ns (62.101%))
  Logic Levels:           6  (CARRY4=2 IBUF=1 LUT2=1 LUT6=1 OBUF=1)
  Output Delay:           0.000ns
  Timing Exception:       MaxDelay Path 9.000ns

    Location             Delay type                Incr(ns)  Path(ns)    Partition      Netlist Resource(s)
  -------------------------------------------------------------------    ----------------------------------
    AV30                                              0.000     0.000 r  static         a[0] (IN)
                         net (fo=0)                   0.000     0.000    static         a[0]
    AV30                 IBUF (Prop_ibuf_I_O)         0.640     0.640 r  static         a_IBUF[0]_inst/O
                         net (fo=6, estimated)        2.099     2.739    boundary       ReConfig/genPG[0].PG/I0
    SLICE_X50Y52         LUT6 (Prop_lut6_I0_O)        0.043     2.782 r  reconfigurable ReConfig/genPG[0].PG/LUT6/O
                         net (fo=1, routed)           0.000     2.782    reconfigurable ReConfig/genPG[0].PG__0
    SLICE_X50Y52         CARRY4 (Prop_carry4_S[0]_CO[3])
                                                      0.246     3.028 r  reconfigurable ReConfig/genCC[0].Chain/CO[3]
                         net (fo=1, routed)           0.000     3.028    reconfigurable ReConfig/carry_sig[4]
    SLICE_X50Y53         CARRY4 (Prop_carry4_CI_O[3])
                                                      0.151     3.179 r  reconfigurable ReConfig/genCC[1].Chain/O[3]
                         net (fo=1, routed)           0.825     4.004    boundary       s_reg[7]
    SLICE_X49Y49         LUT2 (Prop_lut2_I1_O)        0.120     4.124 r  static         s_OBUF[7]_inst_i_1/O
                         net (fo=1, routed)           2.534     6.658    static         s_OBUF[7]
    AU39                 OBUF (Prop_obuf_I_O)         2.131     8.789 r  static         s_OBUF[7]_inst/O
                         net (fo=0)                   0.000     8.789    static         s[7]
    AU39                                                              r  static         s[7] (OUT)
  -------------------------------------------------------------------    ----------------------------------

                         max delay                    9.000     9.000                   
                         clock pessimism              0.000     9.000                     
                         output delay                -0.000     9.000                     
  -------------------------------------------------------------------
                         required time                          9.000                     
                         arrival time                          -8.789                     
  -------------------------------------------------------------------
                         slack                                  0.211                     

Slack (MET) :             0.250ns  (required time - arrival time)
  Source:                 a[0]
                            (input port)
  Destination:            s[2]
  Path Group:             **default**
  Path Type:              Max at Slow Process Corner
  Requirement:            9.000ns  (MaxDelay Path 9.000ns)
  Data Path Delay:        8.750ns  (logic 3.134ns (35.814%)  route 5.616ns (64.186%))
  Logic Levels:           4  (CARRY4=1 IBUF=1 LUT6=1 OBUF=1)
  Output Delay:           0.000ns
  Timing Exception:       MaxDelay Path 9.000ns

    Location             Delay type                Incr(ns)  Path(ns)    Partition      Netlist Resource(s)
  -------------------------------------------------------------------    ----------------------------------
    AV30                                              0.000     0.000 r  static         a[0] (IN)
                         net (fo=0)                   0.000     0.000    static         a[0]
    AV30                 IBUF (Prop_ibuf_I_O)         0.640     0.640 r  static         a_IBUF[0]_inst/O
                         net (fo=6, estimated)        2.099     2.739    boundary       ReConfig/genPG[0].PG/I0
    SLICE_X50Y52         LUT6 (Prop_lut6_I0_O)        0.043     2.782 r  reconfigurable ReConfig/genPG[0].PG/LUT6/O
                         net (fo=1, routed)           0.000     2.782    reconfigurable ReConfig/genPG[0].PG__0
    SLICE_X50Y52         CARRY4 (Prop_carry4_S[0]_O[2])
                                                      0.261     3.043 r  reconfigurable ReConfig/genCC[0].Chain/O[2]
                         net (fo=1, routed)           3.517     6.560    boundary       s[2]
    AR37                 OBUF (Prop_obuf_I_O)         2.189     8.750 r  static         s[2]_OBUF_inst/O
                         net (fo=0)                   0.000     8.750    static         s[2]_OBUF
    AR37                                                              r  static         s[2] (OUT)
  -------------------------------------------------------------------    ----------------------------------

                         max delay                    9.000     9.000                   
                         clock pessimism              0.000     9.000                     
                         output delay                -0.000     9.000                     
  -------------------------------------------------------------------
                         required time                          9.000                     
                         arrival time                          -8.750                     
  -------------------------------------------------------------------
                         slack                                  0.250                     

Slack (MET) :             0.362ns  (required time - arrival time)
  Source:                 a[0]
                            (input port)
  Destination:            s[6]
  Path Group:             **default**
  Path Type:              Max at Slow Process Corner
  Requirement:            9.000ns  (MaxDelay Path 9.000ns)
  Data Path Delay:        8.638ns  (logic 3.250ns (37.622%)  route 5.388ns (62.378%))
  Logic Levels:           5  (CARRY4=2 IBUF=1 LUT6=1 OBUF=1)
  Output Delay:           0.000ns
  Timing Exception:       MaxDelay Path 9.000ns

    Location             Delay type                Incr(ns)  Path(ns)    Partition      Netlist Resource(s)
  -------------------------------------------------------------------    ----------------------------------
    AV30                                              0.000     0.000 r  static         a[0] (IN)
                         net (fo=0)                   0.000     0.000    static         a[0]
    AV30                 IBUF (Prop_ibuf_I_O)         0.640     0.640 r  static         a_IBUF[0]_inst/O
                         net (fo=6, estimated)        2.099     2.739    boundary       ReConfig/genPG[0].PG/I0
    SLICE_X50Y52         LUT6 (Prop_lut6_I0_O)        0.043     2.782 r  reconfigurable ReConfig/genPG[0].PG/LUT6/O
                         net (fo=1, routed)           0.000     2.782    reconfigurable ReConfig/genPG[0].PG__0
    SLICE_X50Y52         CARRY4 (Prop_carry4_S[0]_CO[3])
                                                      0.246     3.028 r  reconfigurable ReConfig/genCC[0].Chain/CO[3]
                         net (fo=1, routed)           0.000     3.028    reconfigurable ReConfig/carry_sig[4]
    SLICE_X50Y53         CARRY4 (Prop_carry4_CI_O[2])
                                                      0.112     3.140 r  reconfigurable ReConfig/genCC[1].Chain/O[2]
                         net (fo=1, routed)           3.289     6.429    boundary       s[6]
    AP42                 OBUF (Prop_obuf_I_O)         2.208     8.638 r  static         s[6]_OBUF_inst/O
                         net (fo=0)                   0.000     8.638    static         s[6]_OBUF
    AP42                                                              r  static         s[6] (OUT)
  -------------------------------------------------------------------    ----------------------------------

                         max delay                    9.000     9.000                   
                         clock pessimism              0.000     9.000                     
                         output delay                -0.000     9.000                     
  -------------------------------------------------------------------
                         required time                          9.000                     
                         arrival time                          -8.638                     
  -------------------------------------------------------------------
                         slack                                  0.362                     

Slack (MET) :             0.392ns  (required time - arrival time)
  Source:                 a[0]
                            (input port)
  Destination:            s[5]
  Path Group:             **default**
  Path Type:              Max at Slow Process Corner
  Requirement:            9.000ns  (MaxDelay Path 9.000ns)
  Data Path Delay:        8.608ns  (logic 3.288ns (38.201%)  route 5.319ns (61.799%))
  Logic Levels:           5  (CARRY4=2 IBUF=1 LUT6=1 OBUF=1)
  Output Delay:           0.000ns
  Timing Exception:       MaxDelay Path 9.000ns

    Location             Delay type                Incr(ns)  Path(ns)    Partition      Netlist Resource(s)
  -------------------------------------------------------------------    ----------------------------------
    AV30                                              0.000     0.000 r  static         a[0] (IN)
                         net (fo=0)                   0.000     0.000    static         a[0]
    AV30                 IBUF (Prop_ibuf_I_O)         0.640     0.640 r  static         a_IBUF[0]_inst/O
                         net (fo=6, estimated)        2.099     2.739    boundary       ReConfig/genPG[0].PG/I0
    SLICE_X50Y52         LUT6 (Prop_lut6_I0_O)        0.043     2.782 r  reconfigurable ReConfig/genPG[0].PG/LUT6/O
                         net (fo=1, routed)           0.000     2.782    reconfigurable ReConfig/genPG[0].PG__0
    SLICE_X50Y52         CARRY4 (Prop_carry4_S[0]_CO[3])
                                                      0.246     3.028 r  reconfigurable ReConfig/genCC[0].Chain/CO[3]
                         net (fo=1, routed)           0.000     3.028    reconfigurable ReConfig/carry_sig[4]
    SLICE_X50Y53         CARRY4 (Prop_carry4_CI_O[1])
                                                      0.165     3.193 r  reconfigurable ReConfig/genCC[1].Chain/O[1]
                         net (fo=1, routed)           3.220     6.414    boundary       s[5]
    AP41                 OBUF (Prop_obuf_I_O)         2.194     8.608 r  static         s[5]_OBUF_inst/O
                         net (fo=0)                   0.000     8.608    static         s[5]_OBUF
    AP41                                                              r  static         s[5] (OUT)
  -------------------------------------------------------------------    ----------------------------------

                         max delay                    9.000     9.000                   
                         clock pessimism              0.000     9.000                     
                         output delay                -0.000     9.000                     
  -------------------------------------------------------------------
                         required time                          9.000                     
                         arrival time                          -8.608                     
  -------------------------------------------------------------------
                         slack                                  0.392                     

Slack (MET) :             0.402ns  (required time - arrival time)
  Source:                 a[0]
                            (input port)
  Destination:            s[1]
  Path Group:             **default**
  Path Type:              Max at Slow Process Corner
  Requirement:            9.000ns  (MaxDelay Path 9.000ns)
  Data Path Delay:        8.598ns  (logic 3.083ns (35.859%)  route 5.515ns (64.141%))
  Logic Levels:           4  (CARRY4=1 IBUF=1 LUT6=1 OBUF=1)
  Output Delay:           0.000ns
  Timing Exception:       MaxDelay Path 9.000ns

    Location             Delay type                Incr(ns)  Path(ns)    Partition      Netlist Resource(s)
  -------------------------------------------------------------------    ----------------------------------
    AV30                                              0.000     0.000 r  static         a[0] (IN)
                         net (fo=0)                   0.000     0.000    static         a[0]
    AV30                 IBUF (Prop_ibuf_I_O)         0.640     0.640 r  static         a_IBUF[0]_inst/O
                         net (fo=6, estimated)        2.099     2.739    boundary       ReConfig/genPG[0].PG/I0
    SLICE_X50Y52         LUT6 (Prop_lut6_I0_O)        0.043     2.782 r  reconfigurable ReConfig/genPG[0].PG/LUT6/O
                         net (fo=1, routed)           0.000     2.782    reconfigurable ReConfig/genPG[0].PG__0
    SLICE_X50Y52         CARRY4 (Prop_carry4_S[0]_O[1])
                                                      0.217     2.999 r  reconfigurable ReConfig/genCC[0].Chain/O[1]
                         net (fo=1, routed)           3.416     6.415    boundary       s[1]
    AN39                 OBUF (Prop_obuf_I_O)         2.183     8.598 r  static         s[1]_OBUF_inst/O
                         net (fo=0)                   0.000     8.598    static         s[1]_OBUF
    AN39                                                              r  static         s[1] (OUT)
  -------------------------------------------------------------------    ----------------------------------

                         max delay                    9.000     9.000                   
                         clock pessimism              0.000     9.000                     
                         output delay                -0.000     9.000                     
  -------------------------------------------------------------------
                         required time                          9.000                     
                         arrival time                          -8.598                     
  -------------------------------------------------------------------
                         slack                                  0.402                     

Slack (MET) :             0.433ns  (required time - arrival time)
  Source:                 a[0]
                            (input port)
  Destination:            s[3]
  Path Group:             **default**
  Path Type:              Max at Slow Process Corner
  Requirement:            9.000ns  (MaxDelay Path 9.000ns)
  Data Path Delay:        8.567ns  (logic 3.167ns (36.963%)  route 5.400ns (63.037%))
  Logic Levels:           4  (CARRY4=1 IBUF=1 LUT6=1 OBUF=1)
  Output Delay:           0.000ns
  Timing Exception:       MaxDelay Path 9.000ns

    Location             Delay type                Incr(ns)  Path(ns)    Partition      Netlist Resource(s)
  -------------------------------------------------------------------    ----------------------------------
    AV30                                              0.000     0.000 r  static         a[0] (IN)
                         net (fo=0)                   0.000     0.000    static         a[0]
    AV30                 IBUF (Prop_ibuf_I_O)         0.640     0.640 r  static         a_IBUF[0]_inst/O
                         net (fo=6, estimated)        2.099     2.739    boundary       ReConfig/genPG[0].PG/I0
    SLICE_X50Y52         LUT6 (Prop_lut6_I0_O)        0.043     2.782 r  reconfigurable ReConfig/genPG[0].PG/LUT6/O
                         net (fo=1, routed)           0.000     2.782    reconfigurable ReConfig/genPG[0].PG__0
    SLICE_X50Y52         CARRY4 (Prop_carry4_S[0]_O[3])
                                                      0.292     3.074 r  reconfigurable ReConfig/genCC[0].Chain/O[3]
                         net (fo=1, routed)           3.301     6.376    boundary       s[3]
    AT37                 OBUF (Prop_obuf_I_O)         2.191     8.567 r  static         s[3]_OBUF_inst/O
                         net (fo=0)                   0.000     8.567    static         s[3]_OBUF
    AT37                                                              r  static         s[3] (OUT)
  -------------------------------------------------------------------    ----------------------------------

                         max delay                    9.000     9.000                   
                         clock pessimism              0.000     9.000                     
                         output delay                -0.000     9.000                     
  -------------------------------------------------------------------
                         required time                          9.000                     
                         arrival time                          -8.567                     
  -------------------------------------------------------------------
                         slack                                  0.433                     

Slack (MET) :             0.501ns  (required time - arrival time)
  Source:                 a[0]
                            (input port)
  Destination:            s[0]
  Path Group:             **default**
  Path Type:              Max at Slow Process Corner
  Requirement:            9.000ns  (MaxDelay Path 9.000ns)
  Data Path Delay:        8.499ns  (logic 2.973ns (34.977%)  route 5.526ns (65.023%))
  Logic Levels:           4  (CARRY4=1 IBUF=1 LUT6=1 OBUF=1)
  Output Delay:           0.000ns
  Timing Exception:       MaxDelay Path 9.000ns

    Location             Delay type                Incr(ns)  Path(ns)    Partition      Netlist Resource(s)
  -------------------------------------------------------------------    ----------------------------------
    AV30                                              0.000     0.000 r  static         a[0] (IN)
                         net (fo=0)                   0.000     0.000    static         a[0]
    AV30                 IBUF (Prop_ibuf_I_O)         0.640     0.640 r  static         a_IBUF[0]_inst/O
                         net (fo=6, estimated)        2.099     2.739    boundary       ReConfig/genPG[0].PG/I0
    SLICE_X50Y52         LUT6 (Prop_lut6_I0_O)        0.043     2.782 r  reconfigurable ReConfig/genPG[0].PG/LUT6/O
                         net (fo=1, routed)           0.000     2.782    reconfigurable ReConfig/genPG[0].PG__0
    SLICE_X50Y52         CARRY4 (Prop_carry4_S[0]_O[0])
                                                      0.120     2.902 r  reconfigurable ReConfig/genCC[0].Chain/O[0]
                         net (fo=1, routed)           3.427     6.330    boundary       s[0]
    AM39                 OBUF (Prop_obuf_I_O)         2.170     8.499 r  static         s[0]_OBUF_inst/O
                         net (fo=0)                   0.000     8.499    static         s[0]_OBUF
    AM39                                                              r  static         s[0] (OUT)
  -------------------------------------------------------------------    ----------------------------------

                         max delay                    9.000     9.000                   
                         clock pessimism              0.000     9.000                     
                         output delay                -0.000     9.000                     
  -------------------------------------------------------------------
                         required time                          9.000                     
                         arrival time                          -8.499                     
  -------------------------------------------------------------------
                         slack                                  0.501                     

Slack (MET) :             1.843ns  (required time - arrival time)
  Source:                 a[0]
                            (input port)
  Destination:            s[4]
  Path Group:             **default**
  Path Type:              Max at Slow Process Corner
  Requirement:            9.000ns  (MaxDelay Path 9.000ns)
  Data Path Delay:        7.157ns  (logic 3.175ns (44.364%)  route 3.982ns (55.636%))
  Logic Levels:           5  (CARRY4=2 IBUF=1 LUT6=1 OBUF=1)
  Output Delay:           0.000ns
  Timing Exception:       MaxDelay Path 9.000ns

    Location             Delay type                Incr(ns)  Path(ns)    Partition      Netlist Resource(s)
  -------------------------------------------------------------------    ----------------------------------
    AV30                                              0.000     0.000 r  static         a[0] (IN)
                         net (fo=0)                   0.000     0.000    static         a[0]
    AV30                 IBUF (Prop_ibuf_I_O)         0.640     0.640 r  static         a_IBUF[0]_inst/O
                         net (fo=6, estimated)        2.099     2.739    boundary       ReConfig/genPG[0].PG/I0
    SLICE_X50Y52         LUT6 (Prop_lut6_I0_O)        0.043     2.782 r  reconfigurable ReConfig/genPG[0].PG/LUT6/O
                         net (fo=1, routed)           0.000     2.782    reconfigurable ReConfig/genPG[0].PG__0
    SLICE_X50Y52         CARRY4 (Prop_carry4_S[0]_CO[3])
                                                      0.246     3.028 r  reconfigurable ReConfig/genCC[0].Chain/CO[3]
                         net (fo=1, routed)           0.000     3.028    reconfigurable ReConfig/carry_sig[4]
    SLICE_X50Y53         CARRY4 (Prop_carry4_CI_O[0])
                                                      0.108     3.136 r  reconfigurable ReConfig/genCC[1].Chain/O[0]
                         net (fo=1, routed)           1.883     5.019    boundary       s[4]
    AR35                 OBUF (Prop_obuf_I_O)         2.138     7.157 r  static         s[4]_OBUF_inst/O
                         net (fo=0)                   0.000     7.157    static         s[4]_OBUF
    AR35                                                              r  static         s[4] (OUT)
  -------------------------------------------------------------------    ----------------------------------

                         max delay                    9.000     9.000                   
                         clock pessimism              0.000     9.000                     
                         output delay                -0.000     9.000                     
  -------------------------------------------------------------------
                         required time                          9.000                     
                         arrival time                          -7.157                     
  -------------------------------------------------------------------
                         slack                                  1.843                     





